2026-05-30 13:46:44.685 +00:00 [INF] [Serilog.AspNetCore.RequestLoggingMiddleware] HTTP GET /api/trades/feed responded 200 in 23.0049 ms
2026-05-30 13:46:44.726 +00:00 [INF] [Serilog.AspNetCore.RequestLoggingMiddleware] HTTP GET /api/health/connectivity responded 200 in 15.4223 ms
2026-05-30 13:46:44.735 +00:00 [INF] [Serilog.AspNetCore.RequestLoggingMiddleware] HTTP GET /api/engine responded 200 in 6.1928 ms
2026-05-30 13:46:44.746 +00:00 [INF] [Serilog.AspNetCore.RequestLoggingMiddleware] HTTP GET /api/balance responded 200 in 9.5657 ms
2026-05-30 13:46:44.940 +00:00 [INF] [Serilog.AspNetCore.RequestLoggingMiddleware] HTTP GET /api/trades/feed responded 200 in 9.6008 ms
2026-05-30 13:46:44.960 +00:00 [INF] [Serilog.AspNetCore.RequestLoggingMiddleware] HTTP GET /api/engine/live-status responded 200 in 2.1705 ms
2026-05-30 13:46:45.192 +00:00 [INF] [Serilog.AspNetCore.RequestLoggingMiddleware] HTTP GET /api/balance responded 200 in 5.1343 ms
2026-05-30 13:46:45.204 +00:00 [INF] [Serilog.AspNetCore.RequestLoggingMiddleware] HTTP GET /api/health/connectivity responded 200 in 8.6935 ms
2026-05-30 13:46:45.223 +00:00 [INF] [Serilog.AspNetCore.RequestLoggingMiddleware] HTTP GET /api/trades/feed responded 200 in 8.4399 ms
2026-05-30 13:46:45.241 +00:00 [INF] [Serilog.AspNetCore.RequestLoggingMiddleware] HTTP PUT /api/engine responded 200 in 299.7453 ms
2026-05-30 13:46:45.289 +00:00 [INF] [Serilog.AspNetCore.RequestLoggingMiddleware] HTTP POST /api/reset responded 200 in 1449.1325 ms
2026-05-30 13:46:45.425 +00:00 [INF] [Serilog.AspNetCore.RequestLoggingMiddleware] HTTP GET /api/trades/feed responded 200 in 17.3754 ms
2026-05-30 13:46:45.452 +00:00 [INF] [Serilog.AspNetCore.RequestLoggingMiddleware] HTTP GET /api/engine responded 200 in 6.9899 ms
2026-05-30 13:46:45.460 +00:00 [INF] [Serilog.AspNetCore.RequestLoggingMiddleware] HTTP GET /api/engine responded 200 in 13.1282 ms
2026-05-30 13:46:45.624 +00:00 [INF] [Serilog.AspNetCore.RequestLoggingMiddleware] HTTP GET /api/balance responded 200 in 8.4268 ms
2026-05-30 13:46:45.703 +00:00 [INF] [Serilog.AspNetCore.RequestLoggingMiddleware] HTTP GET /api/balance/history responded 200 in 12.8887 ms
2026-05-30 13:46:45.735 +00:00 [INF] [Serilog.AspNetCore.RequestLoggingMiddleware] HTTP GET /api/trades/chart-markers responded 200 in 12.2737 ms
2026-05-30 13:46:45.754 +00:00 [INF] [Serilog.AspNetCore.RequestLoggingMiddleware] HTTP GET /api/trades/feed responded 200 in 16.4670 ms
2026-05-30 13:46:45.767 +00:00 [INF] [Serilog.AspNetCore.RequestLoggingMiddleware] HTTP GET /api/engine responded 200 in 3.2816 ms
2026-05-30 13:46:46.019 +00:00 [INF] [Serilog.AspNetCore.RequestLoggingMiddleware] HTTP GET /api/balance responded 200 in 8.9949 ms
2026-05-30 13:46:46.045 +00:00 [INF] [Serilog.AspNetCore.RequestLoggingMiddleware] HTTP GET /api/trades/feed responded 200 in 13.6510 ms
2026-05-30 13:46:46.060 +00:00 [INF] [Serilog.AspNetCore.RequestLoggingMiddleware] HTTP GET /api/engine responded 200 in 8.3086 ms
2026-05-30 13:46:46.080 +00:00 [INF] [Serilog.AspNetCore.RequestLoggingMiddleware] HTTP GET /api/balance/history responded 200 in 9.7948 ms
2026-05-30 13:46:46.277 +00:00 [INF] [Serilog.AspNetCore.RequestLoggingMiddleware] HTTP GET /api/health/connectivity responded 200 in 33.7414 ms
2026-05-30 13:46:46.289 +00:00 [INF] [Serilog.AspNetCore.RequestLoggingMiddleware] HTTP GET /api/balance responded 200 in 8.5763 ms
2026-05-30 13:46:46.465 +00:00 [INF] [Serilog.AspNetCore.RequestLoggingMiddleware] HTTP GET /api/engine/live-status responded 200 in 1.8038 ms
2026-05-30 13:46:47.958 +00:00 [WRN] [Microsoft.EntityFrameworkCore.Query] The query uses the 'First'/'FirstOrDefault' operator without 'OrderBy' and filter operators. This may lead to unpredictable results.
2026-05-30 13:46:48.150 +00:00 [INF] [Serilog.AspNetCore.RequestLoggingMiddleware] HTTP GET /api/trades/feed responded 200 in 12.9079 ms
2026-05-30 13:46:49.177 +00:00 [INF] [Serilog.AspNetCore.RequestLoggingMiddleware] HTTP GET /api/engine/limit-entry-preview responded 200 in 283.6560 ms
2026-05-30 13:46:49.179 +00:00 [INF] [Serilog.AspNetCore.RequestLoggingMiddleware] HTTP GET /api/engine/limit-entry-preview responded 200 in 206.1929 ms
2026-05-30 13:46:51.449 +00:00 [INF] [Serilog.AspNetCore.RequestLoggingMiddleware] HTTP GET /api/health/connectivity responded 200 in 11.4649 ms
2026-05-30 13:46:52.567 +00:00 [INF] [Serilog.AspNetCore.RequestLoggingMiddleware] HTTP GET /health responded 200 in 2.2054 ms
2026-05-30 13:46:53.740 +00:00 [INF] [Serilog.AspNetCore.RequestLoggingMiddleware] HTTP GET /api/engine/limit-entry-preview responded 200 in 7.1960 ms
2026-05-30 13:46:55.088 +00:00 [INF] [Serilog.AspNetCore.RequestLoggingMiddleware] HTTP PUT /api/engine responded 200 in 156.2152 ms
2026-05-30 13:46:55.141 +00:00 [INF] [Serilog.AspNetCore.RequestLoggingMiddleware] HTTP GET /api/balance responded 200 in 9.1158 ms
2026-05-30 13:46:55.155 +00:00 [INF] [Serilog.AspNetCore.RequestLoggingMiddleware] HTTP GET /api/health/connectivity responded 200 in 11.3183 ms
2026-05-30 13:46:55.180 +00:00 [INF] [Serilog.AspNetCore.RequestLoggingMiddleware] HTTP GET /api/trades/feed responded 200 in 22.3617 ms
2026-05-30 13:46:55.254 +00:00 [INF] [Serilog.AspNetCore.RequestLoggingMiddleware] HTTP GET /api/engine responded 200 in 8.9730 ms
2026-05-30 13:46:55.312 +00:00 [INF] [Serilog.AspNetCore.RequestLoggingMiddleware] HTTP GET /api/balance responded 200 in 7.6828 ms
2026-05-30 13:46:55.413 +00:00 [INF] [Serilog.AspNetCore.RequestLoggingMiddleware] HTTP GET /api/engine responded 200 in 12.7933 ms
2026-05-30 13:46:55.694 +00:00 [INF] [Serilog.AspNetCore.RequestLoggingMiddleware] HTTP GET /api/trades/feed responded 200 in 245.7846 ms
2026-05-30 13:46:55.756 +00:00 [INF] [Serilog.AspNetCore.RequestLoggingMiddleware] HTTP GET /api/engine/live-status responded 200 in 1.3084 ms
2026-05-30 13:46:55.811 +00:00 [INF] [Serilog.AspNetCore.RequestLoggingMiddleware] HTTP GET /api/engine/limit-entry-preview responded 200 in 168.5489 ms
2026-05-30 13:47:03.540 +00:00 [INF] [Serilog.AspNetCore.RequestLoggingMiddleware] HTTP GET /api/health/connectivity responded 200 in 96.6060 ms
2026-05-30 13:47:04.446 +00:00 [INF] [Serilog.AspNetCore.RequestLoggingMiddleware] HTTP GET /api/engine responded 200 in 6.7734 ms
2026-05-30 13:47:04.463 +00:00 [INF] [Serilog.AspNetCore.RequestLoggingMiddleware] HTTP GET /api/balance responded 200 in 6.4189 ms
2026-05-30 13:47:08.238 +00:00 [INF] [Serilog.AspNetCore.RequestLoggingMiddleware] HTTP GET /hubs/trading responded 101 in 26948.3011 ms
2026-05-30 13:47:09.069 +00:00 [INF] [Serilog.AspNetCore.RequestLoggingMiddleware] HTTP GET /api/engine responded 200 in 9.0915 ms
2026-05-30 13:47:09.230 +00:00 [INF] [Serilog.AspNetCore.RequestLoggingMiddleware] HTTP GET /api/engine/live-status responded 200 in 1.5029 ms
2026-05-30 13:47:09.268 +00:00 [INF] [Serilog.AspNetCore.RequestLoggingMiddleware] HTTP GET /api/balance responded 200 in 16.5849 ms
2026-05-30 13:47:09.286 +00:00 [INF] [Serilog.AspNetCore.RequestLoggingMiddleware] HTTP GET /api/balance/history responded 200 in 30.6911 ms
2026-05-30 13:47:09.303 +00:00 [INF] [Serilog.AspNetCore.RequestLoggingMiddleware] HTTP GET /api/trades/feed responded 200 in 31.7762 ms
2026-05-30 13:47:09.313 +00:00 [INF] [Serilog.AspNetCore.RequestLoggingMiddleware] HTTP GET /api/engine responded 200 in 7.8423 ms
2026-05-30 13:47:09.340 +00:00 [INF] [Serilog.AspNetCore.RequestLoggingMiddleware] HTTP GET /api/health/connectivity responded 200 in 14.2482 ms
2026-05-30 13:47:09.476 +00:00 [INF] [Serilog.AspNetCore.RequestLoggingMiddleware] HTTP GET /api/trades/chart-markers responded 200 in 6.9862 ms
2026-05-30 13:47:09.485 +00:00 [INF] [Serilog.AspNetCore.RequestLoggingMiddleware] HTTP POST /hubs/trading/negotiate responded 200 in 1.7288 ms
2026-05-30 13:47:10.698 +00:00 [INF] [Serilog.AspNetCore.RequestLoggingMiddleware] HTTP PUT /api/engine responded 200 in 105.2043 ms
2026-05-30 13:47:10.815 +00:00 [INF] [Serilog.AspNetCore.RequestLoggingMiddleware] HTTP GET /api/trades/feed responded 200 in 25.0110 ms
2026-05-30 13:47:10.833 +00:00 [INF] [Serilog.AspNetCore.RequestLoggingMiddleware] HTTP GET /api/balance responded 200 in 14.9340 ms
2026-05-30 13:47:10.949 +00:00 [INF] [Serilog.AspNetCore.RequestLoggingMiddleware] HTTP GET /api/health/connectivity responded 200 in 152.0361 ms
2026-05-30 13:47:10.957 +00:00 [INF] [Serilog.AspNetCore.RequestLoggingMiddleware] HTTP GET /api/engine responded 200 in 3.0051 ms
2026-05-30 13:47:10.959 +00:00 [INF] [Serilog.AspNetCore.RequestLoggingMiddleware] HTTP GET /api/engine/live-status responded 200 in 0.6911 ms
2026-05-30 13:47:11.158 +00:00 [INF] [Serilog.AspNetCore.RequestLoggingMiddleware] HTTP GET /api/balance responded 200 in 9.7644 ms
2026-05-30 13:47:11.259 +00:00 [INF] [Serilog.AspNetCore.RequestLoggingMiddleware] HTTP GET /api/trades/feed responded 200 in 107.6834 ms
2026-05-30 13:47:11.359 +00:00 [INF] [Serilog.AspNetCore.RequestLoggingMiddleware] HTTP GET /api/engine/live-status responded 200 in 2.3048 ms
2026-05-30 13:47:12.828 +00:00 [INF] [Serilog.AspNetCore.RequestLoggingMiddleware] HTTP GET /api/engine responded 200 in 4.3230 ms
2026-05-30 13:47:14.546 +00:00 [INF] [Serilog.AspNetCore.RequestLoggingMiddleware] HTTP GET /api/trades/feed responded 200 in 32.1977 ms
2026-05-30 13:47:17.793 +00:00 [INF] [Serilog.AspNetCore.RequestLoggingMiddleware] HTTP GET /api/trades/feed responded 200 in 6.9297 ms
2026-05-30 13:47:21.102 +00:00 [INF] [Serilog.AspNetCore.RequestLoggingMiddleware] HTTP GET /api/trades/feed responded 200 in 31.7882 ms
2026-05-30 13:47:21.394 +00:00 [INF] [Serilog.AspNetCore.RequestLoggingMiddleware] HTTP GET /api/health/connectivity responded 200 in 130.0635 ms
2026-05-30 13:47:23.014 +00:00 [INF] [Serilog.AspNetCore.RequestLoggingMiddleware] HTTP GET /health responded 200 in 4.3350 ms
2026-05-30 13:47:24.338 +00:00 [INF] [Serilog.AspNetCore.RequestLoggingMiddleware] HTTP GET /api/trades/feed responded 200 in 7.2245 ms
2026-05-30 13:47:27.578 +00:00 [INF] [Serilog.AspNetCore.RequestLoggingMiddleware] HTTP GET /api/trades/feed responded 200 in 86.0005 ms
2026-05-30 13:47:30.785 +00:00 [INF] [Serilog.AspNetCore.RequestLoggingMiddleware] HTTP GET /api/trades/feed responded 200 in 14.3228 ms
2026-05-30 13:47:33.333 +00:00 [INF] [Serilog.AspNetCore.RequestLoggingMiddleware] HTTP GET /api/health/connectivity responded 200 in 100.6428 ms
2026-05-30 13:47:34.072 +00:00 [INF] [Serilog.AspNetCore.RequestLoggingMiddleware] HTTP GET /api/trades/feed responded 200 in 28.0284 ms
2026-05-30 13:47:34.256 +00:00 [INF] [Serilog.AspNetCore.RequestLoggingMiddleware] HTTP GET /api/balance responded 200 in 8.7981 ms
2026-05-30 13:47:34.372 +00:00 [INF] [Serilog.AspNetCore.RequestLoggingMiddleware] HTTP GET /api/engine responded 200 in 4.3884 ms
2026-05-30 13:47:37.396 +00:00 [INF] [Serilog.AspNetCore.RequestLoggingMiddleware] HTTP GET /api/trades/feed responded 200 in 86.8997 ms
2026-05-30 13:47:41.164 +00:00 [INF] [Serilog.AspNetCore.RequestLoggingMiddleware] HTTP GET /api/trades/feed responded 200 in 57.4676 ms
2026-05-30 13:47:44.612 +00:00 [INF] [Serilog.AspNetCore.RequestLoggingMiddleware] HTTP GET /api/trades/feed responded 200 in 223.7642 ms
2026-05-30 13:47:45.450 +00:00 [INF] [Serilog.AspNetCore.RequestLoggingMiddleware] HTTP GET /api/health/connectivity responded 200 in 158.8945 ms
2026-05-30 13:47:47.944 +00:00 [INF] [Serilog.AspNetCore.RequestLoggingMiddleware] HTTP GET /api/trades/feed responded 200 in 50.8078 ms
2026-05-30 13:47:51.252 +00:00 [INF] [Serilog.AspNetCore.RequestLoggingMiddleware] HTTP GET /api/trades/feed responded 200 in 32.0169 ms
2026-05-30 13:47:53.440 +00:00 [INF] [Serilog.AspNetCore.RequestLoggingMiddleware] HTTP GET /health responded 200 in 1.5778 ms
2026-05-30 13:47:54.956 +00:00 [INF] [Serilog.AspNetCore.RequestLoggingMiddleware] HTTP GET /api/trades/feed responded 200 in 35.2149 ms
2026-05-30 13:47:57.153 +00:00 [INF] [Serilog.AspNetCore.RequestLoggingMiddleware] HTTP GET /hubs/trading responded 101 in 47201.8344 ms
2026-05-30 13:47:57.384 +00:00 [INF] [Serilog.AspNetCore.RequestLoggingMiddleware] HTTP GET /api/engine responded 200 in 12.9783 ms
2026-05-30 13:47:57.594 +00:00 [INF] [Serilog.AspNetCore.RequestLoggingMiddleware] HTTP GET /api/trades/feed responded 200 in 10.5470 ms
2026-05-30 13:47:57.600 +00:00 [INF] [Serilog.AspNetCore.RequestLoggingMiddleware] HTTP GET /api/engine responded 200 in 3.7978 ms
2026-05-30 13:47:57.637 +00:00 [INF] [Serilog.AspNetCore.RequestLoggingMiddleware] HTTP GET /api/engine/live-status responded 200 in 87.0774 ms
2026-05-30 13:47:57.642 +00:00 [INF] [Serilog.AspNetCore.RequestLoggingMiddleware] HTTP GET /api/balance/history responded 200 in 69.6384 ms
2026-05-30 13:47:57.651 +00:00 [INF] [Serilog.AspNetCore.RequestLoggingMiddleware] HTTP GET /api/health/connectivity responded 200 in 68.9096 ms
2026-05-30 13:47:57.696 +00:00 [INF] [Serilog.AspNetCore.RequestLoggingMiddleware] HTTP GET /api/balance responded 200 in 3.6446 ms
2026-05-30 13:47:57.753 +00:00 [INF] [Serilog.AspNetCore.RequestLoggingMiddleware] HTTP GET /api/trades/chart-markers responded 200 in 6.6084 ms
2026-05-30 13:47:57.765 +00:00 [INF] [Serilog.AspNetCore.RequestLoggingMiddleware] HTTP POST /hubs/trading/negotiate responded 200 in 2.2732 ms
2026-05-30 13:47:58.040 +00:00 [INF] [Serilog.AspNetCore.RequestLoggingMiddleware] HTTP GET /api/engine responded 200 in 5.7265 ms
2026-05-30 13:48:00.916 +00:00 [INF] [Serilog.AspNetCore.RequestLoggingMiddleware] HTTP GET /api/trades/feed responded 200 in 158.5217 ms
2026-05-30 13:48:04.154 +00:00 [INF] [Serilog.AspNetCore.RequestLoggingMiddleware] HTTP GET /api/trades/feed responded 200 in 28.7516 ms
2026-05-30 13:48:06.539 +00:00 [INF] [Serilog.AspNetCore.RequestLoggingMiddleware] HTTP GET /api/engine responded 200 in 9.7299 ms
2026-05-30 13:48:07.839 +00:00 [INF] [Serilog.AspNetCore.RequestLoggingMiddleware] HTTP GET /api/trades/feed responded 200 in 27.9344 ms
2026-05-30 13:48:09.646 +00:00 [INF] [Serilog.AspNetCore.RequestLoggingMiddleware] HTTP GET /api/health/connectivity responded 200 in 82.3334 ms
2026-05-30 13:48:10.791 +00:00 [INF] [PolyTrader.Infrastructure.Services.LogExportService] Prepared log export polytrader-logs-20260530-134810.zip with 2 file(s) from /app/logs
2026-05-30 13:48:10.819 +00:00 [INF] [Serilog.AspNetCore.RequestLoggingMiddleware] HTTP GET /api/logs/export responded 200 in 128.3185 ms
2026-05-30 13:48:11.017 +00:00 [INF] [Serilog.AspNetCore.RequestLoggingMiddleware] HTTP GET /api/trades/feed responded 200 in 10.3678 ms
2026-05-30 13:48:14.214 +00:00 [INF] [Serilog.AspNetCore.RequestLoggingMiddleware] HTTP GET /api/trades/feed responded 200 in 23.7022 ms
2026-05-30 13:48:17.494 +00:00 [INF] [Serilog.AspNetCore.RequestLoggingMiddleware] HTTP GET /api/trades/feed responded 200 in 101.2120 ms
2026-05-30 13:48:20.734 +00:00 [INF] [Serilog.AspNetCore.RequestLoggingMiddleware] HTTP GET /api/trades/feed responded 200 in 19.9523 ms
2026-05-30 13:48:21.638 +00:00 [INF] [Serilog.AspNetCore.RequestLoggingMiddleware] HTTP GET /api/health/connectivity responded 200 in 75.5105 ms
2026-05-30 13:48:22.591 +00:00 [INF] [Serilog.AspNetCore.RequestLoggingMiddleware] HTTP GET /api/balance responded 200 in 5.5001 ms
2026-05-30 13:48:22.602 +00:00 [INF] [Serilog.AspNetCore.RequestLoggingMiddleware] HTTP GET /api/engine responded 200 in 2.8691 ms
2026-05-30 13:48:23.934 +00:00 [INF] [Serilog.AspNetCore.RequestLoggingMiddleware] HTTP GET /api/trades/feed responded 200 in 26.5664 ms
2026-05-30 13:48:23.968 +00:00 [INF] [Serilog.AspNetCore.RequestLoggingMiddleware] HTTP GET /health responded 200 in 0.5979 ms
2026-05-30 13:48:27.124 +00:00 [INF] [Serilog.AspNetCore.RequestLoggingMiddleware] HTTP GET /api/trades/feed responded 200 in 10.4972 ms
2026-05-30 13:48:30.367 +00:00 [INF] [Serilog.AspNetCore.RequestLoggingMiddleware] HTTP GET /api/trades/feed responded 200 in 18.2678 ms
2026-05-30 13:48:33.636 +00:00 [INF] [Serilog.AspNetCore.RequestLoggingMiddleware] HTTP GET /api/health/connectivity responded 200 in 66.9271 ms
2026-05-30 13:48:33.675 +00:00 [INF] [Serilog.AspNetCore.RequestLoggingMiddleware] HTTP GET /api/trades/feed responded 200 in 129.1450 ms
2026-05-30 13:48:36.873 +00:00 [INF] [Serilog.AspNetCore.RequestLoggingMiddleware] HTTP GET /api/trades/feed responded 200 in 17.3718 ms
2026-05-30 13:48:40.101 +00:00 [INF] [Serilog.AspNetCore.RequestLoggingMiddleware] HTTP GET /api/trades/feed responded 200 in 26.1603 ms
2026-05-30 13:48:43.367 +00:00 [INF] [Serilog.AspNetCore.RequestLoggingMiddleware] HTTP GET /api/trades/feed responded 200 in 22.2225 ms
2026-05-30 13:48:45.686 +00:00 [INF] [Serilog.AspNetCore.RequestLoggingMiddleware] HTTP GET /api/health/connectivity responded 200 in 100.4121 ms
2026-05-30 13:48:46.582 +00:00 [INF] [Serilog.AspNetCore.RequestLoggingMiddleware] HTTP GET /api/trades/feed responded 200 in 18.1386 ms
2026-05-30 13:48:47.568 +00:00 [INF] [Serilog.AspNetCore.RequestLoggingMiddleware] HTTP GET /api/balance responded 200 in 4.3039 ms
2026-05-30 13:48:47.581 +00:00 [INF] [Serilog.AspNetCore.RequestLoggingMiddleware] HTTP GET /api/engine responded 200 in 3.5038 ms
2026-05-30 13:48:49.861 +00:00 [INF] [Serilog.AspNetCore.RequestLoggingMiddleware] HTTP GET /api/trades/feed responded 200 in 102.7926 ms
2026-05-30 13:48:53.042 +00:00 [INF] [Serilog.AspNetCore.RequestLoggingMiddleware] HTTP GET /api/trades/feed responded 200 in 15.7821 ms
2026-05-30 13:48:54.221 +00:00 [INF] [Serilog.AspNetCore.RequestLoggingMiddleware] HTTP GET /health responded 200 in 0.2849 ms
2026-05-30 13:48:56.247 +00:00 [INF] [Serilog.AspNetCore.RequestLoggingMiddleware] HTTP GET /api/trades/feed responded 200 in 10.6330 ms
2026-05-30 13:48:57.692 +00:00 [INF] [Serilog.AspNetCore.RequestLoggingMiddleware] HTTP GET /api/health/connectivity responded 200 in 125.8753 ms
2026-05-30 13:48:59.480 +00:00 [INF] [Serilog.AspNetCore.RequestLoggingMiddleware] HTTP GET /api/trades/feed responded 200 in 27.7700 ms
2026-05-30 13:49:02.696 +00:00 [INF] [Serilog.AspNetCore.RequestLoggingMiddleware] HTTP GET /api/trades/feed responded 200 in 12.3221 ms
2026-05-30 13:49:06.190 +00:00 [INF] [Serilog.AspNetCore.RequestLoggingMiddleware] HTTP GET /api/trades/feed responded 200 in 198.8938 ms
2026-05-30 13:49:09.505 +00:00 [INF] [Serilog.AspNetCore.RequestLoggingMiddleware] HTTP GET /api/trades/feed responded 200 in 34.0150 ms
2026-05-30 13:49:09.671 +00:00 [INF] [Serilog.AspNetCore.RequestLoggingMiddleware] HTTP GET /api/health/connectivity responded 200 in 107.5840 ms
2026-05-30 13:49:12.595 +00:00 [INF] [Serilog.AspNetCore.RequestLoggingMiddleware] HTTP GET /api/engine responded 200 in 20.2016 ms
2026-05-30 13:49:12.595 +00:00 [INF] [Serilog.AspNetCore.RequestLoggingMiddleware] HTTP GET /api/balance responded 200 in 18.7841 ms
2026-05-30 13:49:12.716 +00:00 [INF] [Serilog.AspNetCore.RequestLoggingMiddleware] HTTP GET /api/trades/feed responded 200 in 11.3137 ms
2026-05-30 13:49:15.959 +00:00 [INF] [Serilog.AspNetCore.RequestLoggingMiddleware] HTTP GET /api/trades/feed responded 200 in 18.1694 ms
2026-05-30 13:49:19.168 +00:00 [INF] [Serilog.AspNetCore.RequestLoggingMiddleware] HTTP GET /api/trades/feed responded 200 in 31.2290 ms
2026-05-30 13:49:21.654 +00:00 [INF] [Serilog.AspNetCore.RequestLoggingMiddleware] HTTP GET /api/health/connectivity responded 200 in 81.5964 ms
2026-05-30 13:49:22.494 +00:00 [INF] [Serilog.AspNetCore.RequestLoggingMiddleware] HTTP GET /api/trades/feed responded 200 in 129.5574 ms
2026-05-30 13:49:24.498 +00:00 [INF] [Serilog.AspNetCore.RequestLoggingMiddleware] HTTP GET /health responded 200 in 0.3150 ms
2026-05-30 13:49:25.817 +00:00 [INF] [Serilog.AspNetCore.RequestLoggingMiddleware] HTTP GET /api/trades/feed responded 200 in 15.6997 ms
2026-05-30 13:49:29.087 +00:00 [INF] [Serilog.AspNetCore.RequestLoggingMiddleware] HTTP GET /api/trades/feed responded 200 in 8.5488 ms
2026-05-30 13:49:32.315 +00:00 [INF] [Serilog.AspNetCore.RequestLoggingMiddleware] HTTP GET /api/trades/feed responded 200 in 12.2396 ms
2026-05-30 13:49:33.663 +00:00 [INF] [Serilog.AspNetCore.RequestLoggingMiddleware] HTTP GET /api/health/connectivity responded 200 in 92.8678 ms
2026-05-30 13:49:35.524 +00:00 [INF] [Serilog.AspNetCore.RequestLoggingMiddleware] HTTP GET /api/trades/feed responded 200 in 33.2459 ms
2026-05-30 13:49:37.584 +00:00 [INF] [Serilog.AspNetCore.RequestLoggingMiddleware] HTTP GET /api/engine responded 200 in 5.6799 ms
2026-05-30 13:49:37.591 +00:00 [INF] [Serilog.AspNetCore.RequestLoggingMiddleware] HTTP GET /api/balance responded 200 in 4.0583 ms
2026-05-30 13:49:39.049 +00:00 [INF] [Serilog.AspNetCore.RequestLoggingMiddleware] HTTP GET /api/trades/feed responded 200 in 318.9537 ms
2026-05-30 13:49:42.614 +00:00 [INF] [Serilog.AspNetCore.RequestLoggingMiddleware] HTTP GET /api/trades/feed responded 200 in 10.7889 ms
2026-05-30 13:49:45.677 +00:00 [INF] [Serilog.AspNetCore.RequestLoggingMiddleware] HTTP GET /api/health/connectivity responded 200 in 97.1174 ms
2026-05-30 13:49:45.920 +00:00 [INF] [Serilog.AspNetCore.RequestLoggingMiddleware] HTTP GET /api/trades/feed responded 200 in 26.3918 ms
2026-05-30 13:49:49.200 +00:00 [INF] [Serilog.AspNetCore.RequestLoggingMiddleware] HTTP GET /api/trades/feed responded 200 in 37.7256 ms
2026-05-30 13:49:52.477 +00:00 [INF] [Serilog.AspNetCore.RequestLoggingMiddleware] HTTP GET /api/trades/feed responded 200 in 18.0669 ms
2026-05-30 13:49:54.888 +00:00 [INF] [Serilog.AspNetCore.RequestLoggingMiddleware] HTTP GET /health responded 200 in 0.9810 ms
2026-05-30 13:49:55.771 +00:00 [INF] [Serilog.AspNetCore.RequestLoggingMiddleware] HTTP GET /api/trades/feed responded 200 in 91.8930 ms
2026-05-30 13:49:57.714 +00:00 [INF] [Serilog.AspNetCore.RequestLoggingMiddleware] HTTP GET /api/health/connectivity responded 200 in 121.2771 ms
2026-05-30 13:49:59.100 +00:00 [INF] [Serilog.AspNetCore.RequestLoggingMiddleware] HTTP GET /api/trades/feed responded 200 in 17.0132 ms
2026-05-30 13:49:59.842 +00:00 [INF] [Serilog.AspNetCore.RequestLoggingMiddleware] HTTP GET /api/trades/feed responded 200 in 14.6030 ms
2026-05-30 13:50:00.021 +00:00 [INF] [Serilog.AspNetCore.RequestLoggingMiddleware] HTTP GET /api/trades/feed responded 200 in 9.4643 ms
2026-05-30 13:50:00.767 +00:00 [INF] [Serilog.AspNetCore.RequestLoggingMiddleware] HTTP GET /api/balance/history responded 200 in 13.0925 ms
2026-05-30 13:50:00.788 +00:00 [INF] [Serilog.AspNetCore.RequestLoggingMiddleware] HTTP GET /api/trades/feed responded 200 in 17.8026 ms
2026-05-30 13:50:01.036 +00:00 [INF] [Serilog.AspNetCore.RequestLoggingMiddleware] HTTP GET /api/trades/feed responded 200 in 12.1407 ms
2026-05-30 13:50:01.363 +00:00 [INF] [Serilog.AspNetCore.RequestLoggingMiddleware] HTTP GET /api/trades/feed responded 200 in 11.1780 ms
2026-05-30 13:50:01.553 +00:00 [INF] [Serilog.AspNetCore.RequestLoggingMiddleware] HTTP GET /api/trades/feed responded 200 in 3.4444 ms
2026-05-30 13:50:02.583 +00:00 [INF] [Serilog.AspNetCore.RequestLoggingMiddleware] HTTP GET /api/engine responded 200 in 2.4120 ms
2026-05-30 13:50:02.586 +00:00 [INF] [Serilog.AspNetCore.RequestLoggingMiddleware] HTTP GET /api/balance responded 200 in 2.3653 ms
2026-05-30 13:50:04.244 +00:00 [INF] [Serilog.AspNetCore.RequestLoggingMiddleware] HTTP GET /api/trades/feed responded 200 in 20.7664 ms
2026-05-30 13:50:04.322 +00:00 [INF] [Serilog.AspNetCore.RequestLoggingMiddleware] HTTP GET /api/trades/chart-markers responded 200 in 7.6911 ms
2026-05-30 13:50:04.328 +00:00 [INF] [Serilog.AspNetCore.RequestLoggingMiddleware] HTTP GET /api/balance/history responded 200 in 5.2132 ms
2026-05-30 13:50:04.546 +00:00 [INF] [Serilog.AspNetCore.RequestLoggingMiddleware] HTTP GET /api/balance/history responded 200 in 5.4953 ms
2026-05-30 13:50:04.631 +00:00 [INF] [Serilog.AspNetCore.RequestLoggingMiddleware] HTTP GET /api/engine responded 200 in 3.1694 ms
2026-05-30 13:50:04.958 +00:00 [INF] [Serilog.AspNetCore.RequestLoggingMiddleware] HTTP GET /api/engine responded 200 in 4.3525 ms
2026-05-30 13:50:04.974 +00:00 [INF] [Serilog.AspNetCore.RequestLoggingMiddleware] HTTP GET /api/trades/feed responded 200 in 13.2958 ms
2026-05-30 13:50:05.150 +00:00 [INF] [Serilog.AspNetCore.RequestLoggingMiddleware] HTTP GET /api/trades/feed responded 200 in 9.3861 ms
2026-05-30 13:50:05.358 +00:00 [INF] [Serilog.AspNetCore.RequestLoggingMiddleware] HTTP GET /api/trades/feed responded 200 in 18.7163 ms
2026-05-30 13:50:05.555 +00:00 [INF] [Serilog.AspNetCore.RequestLoggingMiddleware] HTTP GET /api/trades/feed responded 200 in 9.1098 ms
2026-05-30 13:50:06.839 +00:00 [INF] [Serilog.AspNetCore.RequestLoggingMiddleware] HTTP GET /api/balance responded 200 in 110.6166 ms
2026-05-30 13:50:07.035 +00:00 [INF] [Serilog.AspNetCore.RequestLoggingMiddleware] HTTP GET /api/balance responded 200 in 2.7856 ms
2026-05-30 13:50:08.789 +00:00 [INF] [Serilog.AspNetCore.RequestLoggingMiddleware] HTTP GET /api/trades/feed responded 200 in 16.8560 ms
2026-05-30 13:50:09.583 +00:00 [INF] [Serilog.AspNetCore.RequestLoggingMiddleware] HTTP GET /api/health/connectivity responded 200 in 8.7200 ms
2026-05-30 13:50:12.417 +00:00 [INF] [Serilog.AspNetCore.RequestLoggingMiddleware] HTTP GET /api/trades/feed responded 200 in 161.1999 ms
2026-05-30 13:50:15.755 +00:00 [INF] [Serilog.AspNetCore.RequestLoggingMiddleware] HTTP GET /api/trades/feed responded 200 in 9.9059 ms
2026-05-30 13:50:19.227 +00:00 [INF] [Serilog.AspNetCore.RequestLoggingMiddleware] HTTP GET /api/trades/feed responded 200 in 39.4513 ms
2026-05-30 13:50:21.914 +00:00 [INF] [Serilog.AspNetCore.RequestLoggingMiddleware] HTTP GET /api/health/connectivity responded 200 in 332.9913 ms
2026-05-30 13:50:22.461 +00:00 [INF] [Serilog.AspNetCore.RequestLoggingMiddleware] HTTP GET /api/trades/feed responded 200 in 23.3115 ms
2026-05-30 13:50:25.211 +00:00 [INF] [Serilog.AspNetCore.RequestLoggingMiddleware] HTTP GET /health responded 200 in 0.5375 ms
2026-05-30 13:50:25.715 +00:00 [INF] [Serilog.AspNetCore.RequestLoggingMiddleware] HTTP GET /api/trades/feed responded 200 in 17.1306 ms
2026-05-30 13:50:27.588 +00:00 [INF] [Serilog.AspNetCore.RequestLoggingMiddleware] HTTP GET /api/balance responded 200 in 5.9665 ms
2026-05-30 13:50:27.589 +00:00 [INF] [Serilog.AspNetCore.RequestLoggingMiddleware] HTTP GET /api/engine responded 200 in 8.6052 ms
2026-05-30 13:50:29.147 +00:00 [INF] [Serilog.AspNetCore.RequestLoggingMiddleware] HTTP GET /api/trades/feed responded 200 in 174.6110 ms
2026-05-30 13:50:32.667 +00:00 [INF] [Serilog.AspNetCore.RequestLoggingMiddleware] HTTP GET /api/trades/feed responded 200 in 15.4805 ms
2026-05-30 13:50:33.729 +00:00 [INF] [Serilog.AspNetCore.RequestLoggingMiddleware] HTTP GET /api/health/connectivity responded 200 in 143.6283 ms
2026-05-30 13:50:36.089 +00:00 [INF] [Serilog.AspNetCore.RequestLoggingMiddleware] HTTP GET /api/trades/feed responded 200 in 29.6643 ms
2026-05-30 13:50:39.386 +00:00 [INF] [Serilog.AspNetCore.RequestLoggingMiddleware] HTTP GET /api/trades/feed responded 200 in 8.8564 ms
2026-05-30 13:50:42.697 +00:00 [INF] [Serilog.AspNetCore.RequestLoggingMiddleware] HTTP GET /api/trades/feed responded 200 in 23.3143 ms
2026-05-30 13:50:45.989 +00:00 [INF] [Serilog.AspNetCore.RequestLoggingMiddleware] HTTP GET /api/health/connectivity responded 200 in 416.0709 ms
2026-05-30 13:50:46.201 +00:00 [INF] [Serilog.AspNetCore.RequestLoggingMiddleware] HTTP GET /api/trades/feed responded 200 in 327.7811 ms
2026-05-30 13:50:48.107 +00:00 [INF] [Serilog.AspNetCore.RequestLoggingMiddleware] HTTP GET /api/analytics/execution-gap responded 200 in 197.1263 ms
2026-05-30 13:50:48.159 +00:00 [INF] [Serilog.AspNetCore.RequestLoggingMiddleware] HTTP GET /api/trades/statistics responded 200 in 47.8241 ms
2026-05-30 13:50:49.430 +00:00 [INF] [Serilog.AspNetCore.RequestLoggingMiddleware] HTTP GET /api/trades/feed responded 200 in 11.7138 ms
2026-05-30 13:50:52.586 +00:00 [INF] [Serilog.AspNetCore.RequestLoggingMiddleware] HTTP GET /api/engine responded 200 in 14.7328 ms
2026-05-30 13:50:52.596 +00:00 [INF] [Serilog.AspNetCore.RequestLoggingMiddleware] HTTP GET /api/balance responded 200 in 6.1193 ms
2026-05-30 13:50:52.696 +00:00 [INF] [Serilog.AspNetCore.RequestLoggingMiddleware] HTTP GET /api/trades/feed responded 200 in 21.4554 ms
2026-05-30 13:50:54.801 +00:00 [INF] [Serilog.AspNetCore.RequestLoggingMiddleware] HTTP GET /api/trades/statistics responded 200 in 15.8639 ms
2026-05-30 13:50:54.815 +00:00 [INF] [Serilog.AspNetCore.RequestLoggingMiddleware] HTTP GET /api/analytics/execution-gap responded 200 in 24.8902 ms
2026-05-30 13:50:55.540 +00:00 [INF] [Serilog.AspNetCore.RequestLoggingMiddleware] HTTP GET /health responded 200 in 0.4638 ms
2026-05-30 13:50:55.989 +00:00 [INF] [Serilog.AspNetCore.RequestLoggingMiddleware] HTTP GET /api/trades/feed responded 200 in 5.9543 ms
2026-05-30 13:50:57.649 +00:00 [INF] [Serilog.AspNetCore.RequestLoggingMiddleware] HTTP GET /api/health/connectivity responded 200 in 101.1798 ms
2026-05-30 13:50:59.172 +00:00 [INF] [Serilog.AspNetCore.RequestLoggingMiddleware] HTTP GET /api/trades/feed responded 200 in 14.6498 ms
2026-05-30 13:51:02.484 +00:00 [INF] [Serilog.AspNetCore.RequestLoggingMiddleware] HTTP GET /api/trades/feed responded 200 in 141.2143 ms
2026-05-30 13:51:05.940 +00:00 [INF] [Serilog.AspNetCore.RequestLoggingMiddleware] HTTP GET /api/trades/feed responded 200 in 23.2961 ms
2026-05-30 13:51:09.344 +00:00 [INF] [Serilog.AspNetCore.RequestLoggingMiddleware] HTTP GET /api/trades/feed responded 200 in 19.4593 ms
2026-05-30 13:51:09.692 +00:00 [INF] [Serilog.AspNetCore.RequestLoggingMiddleware] HTTP GET /api/health/connectivity responded 200 in 133.3704 ms
2026-05-30 13:51:12.635 +00:00 [INF] [Serilog.AspNetCore.RequestLoggingMiddleware] HTTP GET /api/trades/feed responded 200 in 28.5823 ms
2026-05-30 13:51:15.983 +00:00 [INF] [Serilog.AspNetCore.RequestLoggingMiddleware] HTTP GET /api/trades/feed responded 200 in 16.0078 ms
2026-05-30 13:51:17.578 +00:00 [INF] [Serilog.AspNetCore.RequestLoggingMiddleware] HTTP GET /api/balance responded 200 in 11.7883 ms
2026-05-30 13:51:17.579 +00:00 [INF] [Serilog.AspNetCore.RequestLoggingMiddleware] HTTP GET /api/engine responded 200 in 7.5435 ms
2026-05-30 13:51:19.371 +00:00 [INF] [Serilog.AspNetCore.RequestLoggingMiddleware] HTTP GET /api/trades/feed responded 200 in 208.9377 ms
2026-05-30 13:51:21.691 +00:00 [INF] [Serilog.AspNetCore.RequestLoggingMiddleware] HTTP GET /api/health/connectivity responded 200 in 124.0021 ms
2026-05-30 13:51:22.543 +00:00 [INF] [Serilog.AspNetCore.RequestLoggingMiddleware] HTTP GET /api/trades/feed responded 200 in 11.8162 ms
2026-05-30 13:51:25.786 +00:00 [INF] [Serilog.AspNetCore.RequestLoggingMiddleware] HTTP GET /api/trades/feed responded 200 in 44.9762 ms
2026-05-30 13:51:25.823 +00:00 [INF] [Serilog.AspNetCore.RequestLoggingMiddleware] HTTP GET /health responded 200 in 0.6494 ms
2026-05-30 13:51:29.029 +00:00 [INF] [Serilog.AspNetCore.RequestLoggingMiddleware] HTTP GET /api/trades/feed responded 200 in 7.6432 ms
2026-05-30 13:51:32.271 +00:00 [INF] [Serilog.AspNetCore.RequestLoggingMiddleware] HTTP GET /api/trades/feed responded 200 in 37.5911 ms
2026-05-30 13:51:33.716 +00:00 [INF] [Serilog.AspNetCore.RequestLoggingMiddleware] HTTP GET /api/health/connectivity responded 200 in 143.3058 ms
2026-05-30 13:51:35.654 +00:00 [INF] [Serilog.AspNetCore.RequestLoggingMiddleware] HTTP GET /api/trades/feed responded 200 in 180.9071 ms
2026-05-30 13:51:38.853 +00:00 [INF] [Serilog.AspNetCore.RequestLoggingMiddleware] HTTP GET /api/trades/feed responded 200 in 15.0683 ms
2026-05-30 13:51:42.063 +00:00 [INF] [Serilog.AspNetCore.RequestLoggingMiddleware] HTTP GET /api/trades/feed responded 200 in 23.6560 ms
2026-05-30 13:51:42.581 +00:00 [INF] [Serilog.AspNetCore.RequestLoggingMiddleware] HTTP GET /api/engine responded 200 in 12.1093 ms
2026-05-30 13:51:42.673 +00:00 [INF] [Serilog.AspNetCore.RequestLoggingMiddleware] HTTP GET /api/balance responded 200 in 96.1662 ms
2026-05-30 13:51:45.278 +00:00 [INF] [Serilog.AspNetCore.RequestLoggingMiddleware] HTTP GET /api/trades/feed responded 200 in 11.3402 ms
2026-05-30 13:51:45.563 +00:00 [INF] [Serilog.AspNetCore.RequestLoggingMiddleware] HTTP GET /api/health/connectivity responded 200 in 7.2373 ms
2026-05-30 13:51:48.573 +00:00 [INF] [Serilog.AspNetCore.RequestLoggingMiddleware] HTTP GET /api/trades/feed responded 200 in 8.8494 ms
2026-05-30 13:51:51.946 +00:00 [INF] [Serilog.AspNetCore.RequestLoggingMiddleware] HTTP GET /api/trades/feed responded 200 in 193.2766 ms
2026-05-30 13:51:53.791 +00:00 [INF] [Serilog.AspNetCore.RequestLoggingMiddleware] HTTP GET /api/engine responded 200 in 3.9915 ms
2026-05-30 13:51:54.187 +00:00 [INF] [Serilog.AspNetCore.RequestLoggingMiddleware] HTTP GET /api/health/connectivity responded 200 in 154.8835 ms
2026-05-30 13:51:54.344 +00:00 [INF] [Serilog.AspNetCore.RequestLoggingMiddleware] HTTP GET /api/trades/chart-markers responded 200 in 18.7544 ms
2026-05-30 13:51:54.342 +00:00 [INF] [Serilog.AspNetCore.RequestLoggingMiddleware] HTTP GET /api/balance responded 200 in 14.7585 ms
2026-05-30 13:51:54.360 +00:00 [INF] [Serilog.AspNetCore.RequestLoggingMiddleware] HTTP GET /api/balance/history responded 200 in 48.7701 ms
2026-05-30 13:51:54.386 +00:00 [INF] [Serilog.AspNetCore.RequestLoggingMiddleware] HTTP GET /api/engine responded 200 in 3.8894 ms
2026-05-30 13:51:54.504 +00:00 [INF] [Serilog.AspNetCore.RequestLoggingMiddleware] HTTP POST /hubs/trading/negotiate responded 200 in 3.6447 ms
2026-05-30 13:51:54.553 +00:00 [INF] [Serilog.AspNetCore.RequestLoggingMiddleware] HTTP GET /api/engine/live-status responded 200 in 0.6946 ms
2026-05-30 13:51:55.225 +00:00 [INF] [Serilog.AspNetCore.RequestLoggingMiddleware] HTTP GET /api/trades/feed responded 200 in 7.2491 ms
2026-05-30 13:51:55.379 +00:00 [INF] [Serilog.AspNetCore.RequestLoggingMiddleware] HTTP GET /api/trades/feed responded 200 in 28.0108 ms
2026-05-30 13:51:56.288 +00:00 [INF] [Serilog.AspNetCore.RequestLoggingMiddleware] HTTP GET /health responded 200 in 1.0688 ms
2026-05-30 13:51:57.620 +00:00 [INF] [Serilog.AspNetCore.RequestLoggingMiddleware] HTTP GET /api/health/connectivity responded 200 in 39.7816 ms
2026-05-30 13:51:58.509 +00:00 [INF] [Serilog.AspNetCore.RequestLoggingMiddleware] HTTP GET /api/trades/feed responded 200 in 17.0538 ms
2026-05-30 13:52:01.800 +00:00 [INF] [Serilog.AspNetCore.RequestLoggingMiddleware] HTTP GET /api/trades/feed responded 200 in 70.7220 ms
2026-05-30 13:52:05.045 +00:00 [INF] [Serilog.AspNetCore.RequestLoggingMiddleware] HTTP GET /api/trades/feed responded 200 in 20.5284 ms
2026-05-30 13:52:06.094 +00:00 [INF] [Serilog.AspNetCore.RequestLoggingMiddleware] HTTP GET /api/health/connectivity responded 200 in 82.4613 ms
2026-05-30 13:52:07.579 +00:00 [INF] [Serilog.AspNetCore.RequestLoggingMiddleware] HTTP GET /api/engine responded 200 in 13.4459 ms
2026-05-30 13:52:07.585 +00:00 [INF] [Serilog.AspNetCore.RequestLoggingMiddleware] HTTP GET /api/balance responded 200 in 10.0307 ms
2026-05-30 13:52:07.801 +00:00 [INF] [Serilog.AspNetCore.RequestLoggingMiddleware] HTTP GET /api/trades/feed responded 200 in 68.7198 ms
2026-05-30 13:52:08.228 +00:00 [INF] [Serilog.AspNetCore.RequestLoggingMiddleware] HTTP GET /api/trades/feed responded 200 in 5.6647 ms
2026-05-30 13:52:09.576 +00:00 [INF] [Serilog.AspNetCore.RequestLoggingMiddleware] HTTP GET /api/health/connectivity responded 200 in 8.6574 ms
2026-05-30 13:52:11.482 +00:00 [INF] [Serilog.AspNetCore.RequestLoggingMiddleware] HTTP GET /api/trades/feed responded 200 in 19.5709 ms
2026-05-30 13:52:14.732 +00:00 [INF] [Serilog.AspNetCore.RequestLoggingMiddleware] HTTP GET /api/trades/feed responded 200 in 6.4386 ms
2026-05-30 13:52:18.278 +00:00 [INF] [Serilog.AspNetCore.RequestLoggingMiddleware] HTTP GET /api/trades/feed responded 200 in 13.1905 ms
2026-05-30 13:52:18.332 +00:00 [INF] [Serilog.AspNetCore.RequestLoggingMiddleware] HTTP GET /api/health/connectivity responded 200 in 338.1850 ms
2026-05-30 13:52:19.035 +00:00 [INF] [Serilog.AspNetCore.RequestLoggingMiddleware] HTTP GET /api/balance responded 200 in 19.9452 ms
2026-05-30 13:52:19.054 +00:00 [INF] [Serilog.AspNetCore.RequestLoggingMiddleware] HTTP GET /api/engine responded 200 in 9.6488 ms
2026-05-30 13:52:20.059 +00:00 [INF] [Serilog.AspNetCore.RequestLoggingMiddleware] HTTP GET /api/trades/feed responded 200 in 10.7305 ms
2026-05-30 13:52:21.615 +00:00 [INF] [Serilog.AspNetCore.RequestLoggingMiddleware] HTTP GET /api/health/connectivity responded 200 in 5.7969 ms
2026-05-30 13:52:21.634 +00:00 [INF] [Serilog.AspNetCore.RequestLoggingMiddleware] HTTP GET /api/trades/feed responded 200 in 12.5090 ms
2026-05-30 13:52:26.078 +00:00 [INF] [Serilog.AspNetCore.RequestLoggingMiddleware] HTTP GET /api/trades/feed responded 200 in 860.8583 ms
2026-05-30 13:52:26.479 +00:00 [INF] [Serilog.AspNetCore.RequestLoggingMiddleware] HTTP GET /health responded 200 in 0.3823 ms
2026-05-30 13:52:29.547 +00:00 [INF] [Serilog.AspNetCore.RequestLoggingMiddleware] HTTP GET /api/trades/feed responded 200 in 13.0952 ms
2026-05-30 13:52:30.172 +00:00 [INF] [Serilog.AspNetCore.RequestLoggingMiddleware] HTTP GET /api/health/connectivity responded 200 in 169.3982 ms
2026-05-30 13:52:32.391 +00:00 [INF] [Serilog.AspNetCore.RequestLoggingMiddleware] HTTP GET /api/trades/feed responded 200 in 14.9361 ms
2026-05-30 13:52:32.575 +00:00 [INF] [Serilog.AspNetCore.RequestLoggingMiddleware] HTTP GET /api/balance responded 200 in 5.2317 ms
2026-05-30 13:52:32.912 +00:00 [INF] [Serilog.AspNetCore.RequestLoggingMiddleware] HTTP GET /api/engine responded 200 in 9.9825 ms
2026-05-30 13:52:33.244 +00:00 [INF] [Serilog.AspNetCore.RequestLoggingMiddleware] HTTP GET /api/trades/feed responded 200 in 15.3090 ms
2026-05-30 13:52:33.564 +00:00 [INF] [Serilog.AspNetCore.RequestLoggingMiddleware] HTTP GET /api/health/connectivity responded 200 in 8.7674 ms
2026-05-30 13:52:36.502 +00:00 [INF] [Serilog.AspNetCore.RequestLoggingMiddleware] HTTP GET /api/trades/feed responded 200 in 12.4556 ms
2026-05-30 13:52:39.760 +00:00 [INF] [Serilog.AspNetCore.RequestLoggingMiddleware] HTTP GET /api/trades/feed responded 200 in 11.9272 ms
2026-05-30 13:52:42.146 +00:00 [INF] [Serilog.AspNetCore.RequestLoggingMiddleware] HTTP GET /api/health/connectivity responded 200 in 139.5063 ms
2026-05-30 13:52:43.362 +00:00 [INF] [Serilog.AspNetCore.RequestLoggingMiddleware] HTTP GET /api/trades/feed responded 200 in 324.7272 ms
2026-05-30 13:52:45.566 +00:00 [INF] [Serilog.AspNetCore.RequestLoggingMiddleware] HTTP GET /api/health/connectivity responded 200 in 11.4849 ms
2026-05-30 13:52:46.625 +00:00 [INF] [Serilog.AspNetCore.RequestLoggingMiddleware] HTTP GET /api/trades/feed responded 200 in 13.5912 ms
2026-05-30 13:52:49.790 +00:00 [INF] [Serilog.AspNetCore.RequestLoggingMiddleware] HTTP GET /api/trades/feed responded 200 in 14.5454 ms
2026-05-30 13:52:53.086 +00:00 [INF] [Serilog.AspNetCore.RequestLoggingMiddleware] HTTP GET /api/trades/feed responded 200 in 12.3810 ms
2026-05-30 13:52:53.790 +00:00 [INF] [Serilog.AspNetCore.RequestLoggingMiddleware] HTTP GET /hubs/trading responded 101 in 58720.8472 ms
2026-05-30 13:52:56.341 +00:00 [INF] [Serilog.AspNetCore.RequestLoggingMiddleware] HTTP GET /api/trades/feed responded 200 in 25.9404 ms
2026-05-30 13:52:56.767 +00:00 [INF] [Serilog.AspNetCore.RequestLoggingMiddleware] HTTP GET /health responded 200 in 0.4884 ms
2026-05-30 13:52:57.610 +00:00 [INF] [Serilog.AspNetCore.RequestLoggingMiddleware] HTTP GET /api/engine responded 200 in 11.8220 ms
2026-05-30 13:52:57.699 +00:00 [INF] [Serilog.AspNetCore.RequestLoggingMiddleware] HTTP GET /api/health/connectivity responded 200 in 103.1840 ms
2026-05-30 13:52:57.706 +00:00 [INF] [Serilog.AspNetCore.RequestLoggingMiddleware] HTTP GET /api/balance responded 200 in 108.9691 ms
2026-05-30 13:53:00.003 +00:00 [INF] [Serilog.AspNetCore.RequestLoggingMiddleware] HTTP GET /api/trades/feed responded 200 in 435.3252 ms
2026-05-30 13:53:03.224 +00:00 [INF] [Serilog.AspNetCore.RequestLoggingMiddleware] HTTP GET /api/trades/feed responded 200 in 8.7587 ms
2026-05-30 13:53:06.483 +00:00 [INF] [Serilog.AspNetCore.RequestLoggingMiddleware] HTTP GET /api/trades/feed responded 200 in 22.6491 ms
2026-05-30 13:53:09.642 +00:00 [INF] [Serilog.AspNetCore.RequestLoggingMiddleware] HTTP GET /api/health/connectivity responded 200 in 78.2933 ms
2026-05-30 13:53:09.693 +00:00 [INF] [Serilog.AspNetCore.RequestLoggingMiddleware] HTTP GET /api/trades/feed responded 200 in 9.0189 ms
2026-05-30 13:53:12.948 +00:00 [INF] [Serilog.AspNetCore.RequestLoggingMiddleware] HTTP GET /api/trades/feed responded 200 in 28.8507 ms
2026-05-30 13:53:16.198 +00:00 [INF] [Serilog.AspNetCore.RequestLoggingMiddleware] HTTP GET /api/trades/feed responded 200 in 60.8182 ms
2026-05-30 13:53:19.390 +00:00 [INF] [Serilog.AspNetCore.RequestLoggingMiddleware] HTTP GET /api/trades/feed responded 200 in 8.2398 ms
2026-05-30 13:53:21.655 +00:00 [INF] [Serilog.AspNetCore.RequestLoggingMiddleware] HTTP GET /api/health/connectivity responded 200 in 78.7107 ms
2026-05-30 13:53:22.584 +00:00 [INF] [Serilog.AspNetCore.RequestLoggingMiddleware] HTTP GET /api/balance responded 200 in 8.6503 ms
2026-05-30 13:53:22.587 +00:00 [INF] [Serilog.AspNetCore.RequestLoggingMiddleware] HTTP GET /api/engine responded 200 in 13.8757 ms
2026-05-30 13:53:22.612 +00:00 [INF] [Serilog.AspNetCore.RequestLoggingMiddleware] HTTP GET /api/trades/feed responded 200 in 7.5844 ms
2026-05-30 13:53:25.811 +00:00 [INF] [Serilog.AspNetCore.RequestLoggingMiddleware] HTTP GET /api/trades/feed responded 200 in 8.7805 ms
2026-05-30 13:53:27.004 +00:00 [INF] [Serilog.AspNetCore.RequestLoggingMiddleware] HTTP GET /health responded 200 in 0.2979 ms
2026-05-30 13:53:29.057 +00:00 [INF] [Serilog.AspNetCore.RequestLoggingMiddleware] HTTP GET /api/trades/feed responded 200 in 12.4468 ms
2026-05-30 13:53:32.685 +00:00 [INF] [Serilog.AspNetCore.RequestLoggingMiddleware] HTTP GET /api/trades/feed responded 200 in 335.0367 ms
2026-05-30 13:53:33.683 +00:00 [INF] [Serilog.AspNetCore.RequestLoggingMiddleware] HTTP GET /api/health/connectivity responded 200 in 81.0906 ms
2026-05-30 13:53:35.980 +00:00 [INF] [Serilog.AspNetCore.RequestLoggingMiddleware] HTTP GET /api/trades/feed responded 200 in 19.8523 ms
2026-05-30 13:53:39.801 +00:00 [INF] [Serilog.AspNetCore.RequestLoggingMiddleware] HTTP GET /api/trades/feed responded 200 in 28.7937 ms
2026-05-30 13:53:43.035 +00:00 [INF] [Serilog.AspNetCore.RequestLoggingMiddleware] HTTP GET /api/trades/feed responded 200 in 11.5119 ms
2026-05-30 13:53:45.708 +00:00 [INF] [Serilog.AspNetCore.RequestLoggingMiddleware] HTTP GET /api/health/connectivity responded 200 in 138.7678 ms
2026-05-30 13:53:46.308 +00:00 [INF] [Serilog.AspNetCore.RequestLoggingMiddleware] HTTP GET /api/trades/feed responded 200 in 20.1453 ms
2026-05-30 13:53:47.574 +00:00 [INF] [Serilog.AspNetCore.RequestLoggingMiddleware] HTTP GET /api/balance responded 200 in 10.1010 ms
2026-05-30 13:53:47.588 +00:00 [INF] [Serilog.AspNetCore.RequestLoggingMiddleware] HTTP GET /api/engine responded 200 in 6.3365 ms
2026-05-30 13:53:49.596 +00:00 [INF] [Serilog.AspNetCore.RequestLoggingMiddleware] HTTP GET /api/trades/feed responded 200 in 58.0952 ms
2026-05-30 13:53:52.821 +00:00 [INF] [Serilog.AspNetCore.RequestLoggingMiddleware] HTTP GET /api/trades/feed responded 200 in 17.0867 ms
2026-05-30 13:53:56.039 +00:00 [INF] [Serilog.AspNetCore.RequestLoggingMiddleware] HTTP GET /api/trades/feed responded 200 in 24.7676 ms
2026-05-30 13:53:57.286 +00:00 [INF] [Serilog.AspNetCore.RequestLoggingMiddleware] HTTP GET /health responded 200 in 0.5413 ms
2026-05-30 13:53:57.627 +00:00 [INF] [Serilog.AspNetCore.RequestLoggingMiddleware] HTTP GET /api/health/connectivity responded 200 in 73.6594 ms
2026-05-30 13:53:59.226 +00:00 [INF] [Serilog.AspNetCore.RequestLoggingMiddleware] HTTP GET /api/trades/feed responded 200 in 18.7926 ms
2026-05-30 13:54:02.400 +00:00 [INF] [Serilog.AspNetCore.RequestLoggingMiddleware] HTTP GET /api/trades/feed responded 200 in 12.8946 ms
2026-05-30 13:54:05.693 +00:00 [INF] [Serilog.AspNetCore.RequestLoggingMiddleware] HTTP GET /api/trades/feed responded 200 in 140.7671 ms
2026-05-30 13:54:09.039 +00:00 [INF] [Serilog.AspNetCore.RequestLoggingMiddleware] HTTP GET /api/trades/feed responded 200 in 3.7944 ms
2026-05-30 13:54:09.667 +00:00 [INF] [Serilog.AspNetCore.RequestLoggingMiddleware] HTTP GET /api/health/connectivity responded 200 in 114.6924 ms
2026-05-30 13:54:12.206 +00:00 [INF] [Serilog.AspNetCore.RequestLoggingMiddleware] HTTP GET /api/trades/feed responded 200 in 16.1695 ms
2026-05-30 13:54:12.560 +00:00 [INF] [Serilog.AspNetCore.RequestLoggingMiddleware] HTTP GET /api/balance responded 200 in 4.1879 ms
2026-05-30 13:54:12.572 +00:00 [INF] [Serilog.AspNetCore.RequestLoggingMiddleware] HTTP GET /api/engine responded 200 in 3.3457 ms
2026-05-30 13:54:15.356 +00:00 [INF] [Serilog.AspNetCore.RequestLoggingMiddleware] HTTP GET /api/trades/feed responded 200 in 7.8309 ms
2026-05-30 13:54:18.568 +00:00 [INF] [Serilog.AspNetCore.RequestLoggingMiddleware] HTTP GET /api/trades/feed responded 200 in 9.4538 ms
2026-05-30 13:54:21.671 +00:00 [INF] [Serilog.AspNetCore.RequestLoggingMiddleware] HTTP GET /api/health/connectivity responded 200 in 102.3627 ms
2026-05-30 13:54:21.839 +00:00 [INF] [Serilog.AspNetCore.RequestLoggingMiddleware] HTTP GET /api/trades/feed responded 200 in 56.4148 ms
2026-05-30 13:54:25.052 +00:00 [INF] [Serilog.AspNetCore.RequestLoggingMiddleware] HTTP GET /api/trades/feed responded 200 in 14.2401 ms
2026-05-30 13:54:27.510 +00:00 [INF] [Serilog.AspNetCore.RequestLoggingMiddleware] HTTP GET /health responded 200 in 0.4409 ms
2026-05-30 13:54:28.208 +00:00 [INF] [Serilog.AspNetCore.RequestLoggingMiddleware] HTTP GET /api/trades/feed responded 200 in 8.5837 ms
2026-05-30 13:54:31.370 +00:00 [INF] [Serilog.AspNetCore.RequestLoggingMiddleware] HTTP GET /api/trades/feed responded 200 in 12.2530 ms
2026-05-30 13:54:33.651 +00:00 [INF] [Serilog.AspNetCore.RequestLoggingMiddleware] HTTP GET /api/health/connectivity responded 200 in 85.2412 ms
2026-05-30 13:54:34.540 +00:00 [INF] [Serilog.AspNetCore.RequestLoggingMiddleware] HTTP GET /api/trades/feed responded 200 in 8.2330 ms
2026-05-30 13:54:37.572 +00:00 [INF] [Serilog.AspNetCore.RequestLoggingMiddleware] HTTP GET /api/balance responded 200 in 12.3468 ms
2026-05-30 13:54:37.584 +00:00 [INF] [Serilog.AspNetCore.RequestLoggingMiddleware] HTTP GET /api/engine responded 200 in 8.5647 ms
2026-05-30 13:54:40.871 +00:00 [INF] [Serilog.AspNetCore.RequestLoggingMiddleware] HTTP GET /api/trades/feed responded 200 in 78.6561 ms
2026-05-30 13:54:41.048 +00:00 [INF] [Serilog.AspNetCore.RequestLoggingMiddleware] HTTP GET /api/trades/feed responded 200 in 4.8393 ms
2026-05-30 13:54:44.216 +00:00 [INF] [Serilog.AspNetCore.RequestLoggingMiddleware] HTTP GET /api/trades/feed responded 200 in 7.1480 ms
2026-05-30 13:54:45.642 +00:00 [INF] [Serilog.AspNetCore.RequestLoggingMiddleware] HTTP GET /api/health/connectivity responded 200 in 67.5395 ms
2026-05-30 13:54:47.402 +00:00 [INF] [Serilog.AspNetCore.RequestLoggingMiddleware] HTTP GET /api/trades/feed responded 200 in 9.5973 ms
2026-05-30 13:54:50.613 +00:00 [INF] [Serilog.AspNetCore.RequestLoggingMiddleware] HTTP GET /api/trades/feed responded 200 in 12.9163 ms
2026-05-30 13:54:53.831 +00:00 [INF] [Serilog.AspNetCore.RequestLoggingMiddleware] HTTP GET /api/trades/feed responded 200 in 13.6481 ms
2026-05-30 13:54:57.317 +00:00 [INF] [Serilog.AspNetCore.RequestLoggingMiddleware] HTTP GET /api/trades/feed responded 200 in 298.8821 ms
2026-05-30 13:54:57.654 +00:00 [INF] [Serilog.AspNetCore.RequestLoggingMiddleware] HTTP GET /api/health/connectivity responded 200 in 82.4486 ms
2026-05-30 13:54:57.950 +00:00 [INF] [Serilog.AspNetCore.RequestLoggingMiddleware] HTTP GET /health responded 200 in 0.6014 ms
2026-05-30 13:54:59.831 +00:00 [INF] [Serilog.AspNetCore.RequestLoggingMiddleware] HTTP GET /api/trades/feed responded 200 in 17.0187 ms
2026-05-30 13:55:00.016 +00:00 [INF] [Serilog.AspNetCore.RequestLoggingMiddleware] HTTP GET /api/trades/feed responded 200 in 25.0769 ms
2026-05-30 13:55:00.562 +00:00 [INF] [Serilog.AspNetCore.RequestLoggingMiddleware] HTTP GET /api/trades/feed responded 200 in 12.8125 ms
2026-05-30 13:55:00.576 +00:00 [INF] [Serilog.AspNetCore.RequestLoggingMiddleware] HTTP GET /api/balance/history responded 200 in 32.3045 ms
2026-05-30 13:55:01.032 +00:00 [INF] [Serilog.AspNetCore.RequestLoggingMiddleware] HTTP GET /api/trades/feed responded 200 in 38.5189 ms
2026-05-30 13:55:01.038 +00:00 [INF] [Serilog.AspNetCore.RequestLoggingMiddleware] HTTP GET /api/balance/history responded 200 in 4.2156 ms
2026-05-30 13:55:01.042 +00:00 [INF] [Serilog.AspNetCore.RequestLoggingMiddleware] HTTP GET /api/trades/chart-markers responded 200 in 3.2580 ms
2026-05-30 13:55:01.273 +00:00 [INF] [Serilog.AspNetCore.RequestLoggingMiddleware] HTTP GET /api/balance responded 200 in 3.1310 ms
2026-05-30 13:55:01.292 +00:00 [INF] [Serilog.AspNetCore.RequestLoggingMiddleware] HTTP GET /api/trades/feed responded 200 in 6.1875 ms
2026-05-30 13:55:01.466 +00:00 [INF] [Serilog.AspNetCore.RequestLoggingMiddleware] HTTP GET /api/trades/feed responded 200 in 12.4693 ms
2026-05-30 13:55:01.473 +00:00 [INF] [Serilog.AspNetCore.RequestLoggingMiddleware] HTTP GET /api/engine responded 200 in 3.8778 ms
2026-05-30 13:55:01.662 +00:00 [INF] [Serilog.AspNetCore.RequestLoggingMiddleware] HTTP GET /api/trades/feed responded 200 in 7.5601 ms
2026-05-30 13:55:01.898 +00:00 [INF] [Serilog.AspNetCore.RequestLoggingMiddleware] HTTP GET /api/trades/feed responded 200 in 24.1144 ms
2026-05-30 13:55:02.316 +00:00 [INF] [Serilog.AspNetCore.RequestLoggingMiddleware] HTTP GET /api/engine responded 200 in 11.3238 ms
2026-05-30 13:55:02.343 +00:00 [INF] [Serilog.AspNetCore.RequestLoggingMiddleware] HTTP GET /api/trades/feed responded 200 in 21.5585 ms
2026-05-30 13:55:02.363 +00:00 [INF] [Serilog.AspNetCore.RequestLoggingMiddleware] HTTP GET /api/balance responded 200 in 11.3114 ms
2026-05-30 13:55:02.384 +00:00 [INF] [Serilog.AspNetCore.RequestLoggingMiddleware] HTTP GET /api/balance/history responded 200 in 19.5257 ms
2026-05-30 13:55:02.528 +00:00 [INF] [Serilog.AspNetCore.RequestLoggingMiddleware] HTTP GET /api/trades/feed responded 200 in 8.9762 ms
2026-05-30 13:55:02.572 +00:00 [INF] [Serilog.AspNetCore.RequestLoggingMiddleware] HTTP GET /api/engine responded 200 in 4.1875 ms
2026-05-30 13:55:02.577 +00:00 [INF] [Serilog.AspNetCore.RequestLoggingMiddleware] HTTP GET /api/balance responded 200 in 3.3663 ms
2026-05-30 13:55:05.700 +00:00 [INF] [Serilog.AspNetCore.RequestLoggingMiddleware] HTTP GET /api/trades/feed responded 200 in 10.1043 ms
2026-05-30 13:55:09.517 +00:00 [INF] [Serilog.AspNetCore.RequestLoggingMiddleware] HTTP GET /api/trades/feed responded 200 in 20.0379 ms
2026-05-30 13:55:09.644 +00:00 [INF] [Serilog.AspNetCore.RequestLoggingMiddleware] HTTP GET /api/health/connectivity responded 200 in 68.8231 ms
2026-05-30 13:55:12.916 +00:00 [INF] [Serilog.AspNetCore.RequestLoggingMiddleware] HTTP GET /api/trades/feed responded 200 in 138.4177 ms
2026-05-30 13:55:16.163 +00:00 [INF] [Serilog.AspNetCore.RequestLoggingMiddleware] HTTP GET /api/trades/feed responded 200 in 19.3318 ms
2026-05-30 13:55:19.427 +00:00 [INF] [Serilog.AspNetCore.RequestLoggingMiddleware] HTTP GET /api/trades/feed responded 200 in 16.2281 ms
2026-05-30 13:55:21.991 +00:00 [INF] [Serilog.AspNetCore.RequestLoggingMiddleware] HTTP GET /api/health/connectivity responded 200 in 417.4877 ms
2026-05-30 13:55:22.659 +00:00 [INF] [Serilog.AspNetCore.RequestLoggingMiddleware] HTTP GET /api/trades/feed responded 200 in 8.9849 ms
2026-05-30 13:55:25.906 +00:00 [INF] [Serilog.AspNetCore.RequestLoggingMiddleware] HTTP GET /api/trades/feed responded 200 in 14.4475 ms
2026-05-30 13:55:27.592 +00:00 [INF] [Serilog.AspNetCore.RequestLoggingMiddleware] HTTP GET /api/engine responded 200 in 7.8861 ms
2026-05-30 13:55:27.606 +00:00 [INF] [Serilog.AspNetCore.RequestLoggingMiddleware] HTTP GET /api/balance responded 200 in 9.0835 ms
2026-05-30 13:55:28.294 +00:00 [INF] [Serilog.AspNetCore.RequestLoggingMiddleware] HTTP GET /health responded 200 in 0.5941 ms
2026-05-30 13:55:29.238 +00:00 [INF] [Serilog.AspNetCore.RequestLoggingMiddleware] HTTP GET /api/trades/feed responded 200 in 99.1848 ms
2026-05-30 13:55:32.457 +00:00 [INF] [Serilog.AspNetCore.RequestLoggingMiddleware] HTTP GET /api/trades/feed responded 200 in 19.5690 ms
2026-05-30 13:55:33.634 +00:00 [INF] [Serilog.AspNetCore.RequestLoggingMiddleware] HTTP GET /api/health/connectivity responded 200 in 69.2672 ms
2026-05-30 13:55:35.744 +00:00 [INF] [Serilog.AspNetCore.RequestLoggingMiddleware] HTTP GET /api/trades/feed responded 200 in 16.6707 ms
2026-05-30 13:55:38.981 +00:00 [INF] [Serilog.AspNetCore.RequestLoggingMiddleware] HTTP GET /api/trades/feed responded 200 in 16.8300 ms
2026-05-30 13:55:42.253 +00:00 [INF] [Serilog.AspNetCore.RequestLoggingMiddleware] HTTP GET /api/trades/feed responded 200 in 31.3433 ms
2026-05-30 13:55:45.610 +00:00 [INF] [Serilog.AspNetCore.RequestLoggingMiddleware] HTTP GET /api/trades/feed responded 200 in 113.0141 ms
2026-05-30 13:55:45.642 +00:00 [INF] [Serilog.AspNetCore.RequestLoggingMiddleware] HTTP GET /api/health/connectivity responded 200 in 77.4255 ms
2026-05-30 13:55:48.907 +00:00 [INF] [Serilog.AspNetCore.RequestLoggingMiddleware] HTTP GET /api/trades/feed responded 200 in 38.4991 ms
2026-05-30 13:55:52.165 +00:00 [INF] [Serilog.AspNetCore.RequestLoggingMiddleware] HTTP GET /api/trades/feed responded 200 in 24.6107 ms
2026-05-30 13:55:52.598 +00:00 [INF] [Serilog.AspNetCore.RequestLoggingMiddleware] HTTP GET /api/engine responded 200 in 8.0790 ms
2026-05-30 13:55:52.600 +00:00 [INF] [Serilog.AspNetCore.RequestLoggingMiddleware] HTTP GET /api/balance responded 200 in 10.1825 ms
2026-05-30 13:55:55.444 +00:00 [INF] [Serilog.AspNetCore.RequestLoggingMiddleware] HTTP GET /api/trades/feed responded 200 in 11.7162 ms
2026-05-30 13:55:56.224 +00:00 [INF] [Serilog.AspNetCore.RequestLoggingMiddleware] HTTP GET /api/trades/feed responded 200 in 13.8171 ms
2026-05-30 13:55:56.236 +00:00 [INF] [Serilog.AspNetCore.RequestLoggingMiddleware] HTTP GET /api/engine responded 200 in 7.1765 ms
2026-05-30 13:55:56.241 +00:00 [INF] [Serilog.AspNetCore.RequestLoggingMiddleware] HTTP GET /api/balance responded 200 in 3.2081 ms
2026-05-30 13:55:56.248 +00:00 [INF] [Serilog.AspNetCore.RequestLoggingMiddleware] HTTP GET /api/balance/history responded 200 in 5.9322 ms
2026-05-30 13:55:56.252 +00:00 [INF] [Serilog.AspNetCore.RequestLoggingMiddleware] HTTP GET /api/trades/chart-markers responded 200 in 3.2025 ms
2026-05-30 13:55:56.709 +00:00 [INF] [Serilog.AspNetCore.RequestLoggingMiddleware] HTTP GET /api/trades/feed responded 200 in 19.3464 ms
2026-05-30 13:55:56.792 +00:00 [INF] [Serilog.AspNetCore.RequestLoggingMiddleware] HTTP GET /api/balance responded 200 in 2.0152 ms
2026-05-30 13:55:56.884 +00:00 [INF] [Serilog.AspNetCore.RequestLoggingMiddleware] HTTP GET /api/trades/feed responded 200 in 7.3694 ms
2026-05-30 13:55:56.961 +00:00 [INF] [Serilog.AspNetCore.RequestLoggingMiddleware] HTTP GET /api/engine responded 200 in 3.1500 ms
2026-05-30 13:55:57.042 +00:00 [INF] [Serilog.AspNetCore.RequestLoggingMiddleware] HTTP GET /api/trades/feed responded 200 in 9.4348 ms
2026-05-30 13:55:57.237 +00:00 [INF] [Serilog.AspNetCore.RequestLoggingMiddleware] HTTP GET /api/trades/feed responded 200 in 3.6925 ms
2026-05-30 13:55:57.428 +00:00 [INF] [Serilog.AspNetCore.RequestLoggingMiddleware] HTTP GET /api/trades/feed responded 200 in 9.0886 ms
2026-05-30 13:55:57.554 +00:00 [INF] [Serilog.AspNetCore.RequestLoggingMiddleware] HTTP GET /api/balance/history responded 200 in 5.0781 ms
2026-05-30 13:55:57.569 +00:00 [INF] [Serilog.AspNetCore.RequestLoggingMiddleware] HTTP GET /api/health/connectivity responded 200 in 5.3674 ms
2026-05-30 13:55:58.542 +00:00 [INF] [Serilog.AspNetCore.RequestLoggingMiddleware] HTTP GET /health responded 200 in 0.3115 ms
2026-05-30 13:56:00.702 +00:00 [INF] [Serilog.AspNetCore.RequestLoggingMiddleware] HTTP GET /api/trades/feed responded 200 in 84.2889 ms
2026-05-30 13:56:04.013 +00:00 [INF] [Serilog.AspNetCore.RequestLoggingMiddleware] HTTP GET /api/trades/feed responded 200 in 29.9618 ms
2026-05-30 13:56:07.242 +00:00 [INF] [Serilog.AspNetCore.RequestLoggingMiddleware] HTTP GET /api/trades/feed responded 200 in 7.9183 ms
2026-05-30 13:56:09.658 +00:00 [INF] [Serilog.AspNetCore.RequestLoggingMiddleware] HTTP GET /api/health/connectivity responded 200 in 91.2313 ms
2026-05-30 13:56:10.438 +00:00 [INF] [Serilog.AspNetCore.RequestLoggingMiddleware] HTTP GET /api/trades/feed responded 200 in 10.7573 ms
2026-05-30 13:56:13.645 +00:00 [INF] [Serilog.AspNetCore.RequestLoggingMiddleware] HTTP GET /api/trades/feed responded 200 in 8.5978 ms
2026-05-30 13:56:17.213 +00:00 [INF] [Serilog.AspNetCore.RequestLoggingMiddleware] HTTP GET /api/trades/feed responded 200 in 337.1427 ms
2026-05-30 13:56:17.577 +00:00 [INF] [Serilog.AspNetCore.RequestLoggingMiddleware] HTTP GET /api/balance responded 200 in 6.6437 ms
2026-05-30 13:56:17.578 +00:00 [INF] [Serilog.AspNetCore.RequestLoggingMiddleware] HTTP GET /api/engine responded 200 in 9.4559 ms
2026-05-30 13:56:20.577 +00:00 [INF] [Serilog.AspNetCore.RequestLoggingMiddleware] HTTP GET /api/trades/feed responded 200 in 13.1411 ms
2026-05-30 13:56:21.702 +00:00 [INF] [Serilog.AspNetCore.RequestLoggingMiddleware] HTTP GET /api/health/connectivity responded 200 in 136.1751 ms
2026-05-30 13:56:23.918 +00:00 [INF] [Serilog.AspNetCore.RequestLoggingMiddleware] HTTP GET /api/trades/feed responded 200 in 6.0677 ms
2026-05-30 13:56:27.197 +00:00 [INF] [Serilog.AspNetCore.RequestLoggingMiddleware] HTTP GET /api/trades/feed responded 200 in 26.4015 ms
2026-05-30 13:56:28.968 +00:00 [INF] [Serilog.AspNetCore.RequestLoggingMiddleware] HTTP GET /health responded 200 in 0.3099 ms
2026-05-30 13:56:30.798 +00:00 [INF] [Serilog.AspNetCore.RequestLoggingMiddleware] HTTP GET /api/trades/feed responded 200 in 9.2376 ms
2026-05-30 13:56:33.678 +00:00 [INF] [Serilog.AspNetCore.RequestLoggingMiddleware] HTTP GET /api/health/connectivity responded 200 in 98.0275 ms
2026-05-30 13:56:34.389 +00:00 [INF] [Serilog.AspNetCore.RequestLoggingMiddleware] HTTP GET /api/analytics/execution-gap responded 200 in 41.5380 ms
2026-05-30 13:56:34.397 +00:00 [INF] [Serilog.AspNetCore.RequestLoggingMiddleware] HTTP GET /api/trades/statistics responded 200 in 50.1663 ms
2026-05-30 13:56:34.852 +00:00 [INF] [Serilog.AspNetCore.RequestLoggingMiddleware] HTTP GET /api/trades/feed responded 200 in 447.7639 ms
2026-05-30 13:56:38.102 +00:00 [INF] [Serilog.AspNetCore.RequestLoggingMiddleware] HTTP GET /api/trades/feed responded 200 in 19.2578 ms
2026-05-30 13:56:42.464 +00:00 [INF] [Serilog.AspNetCore.RequestLoggingMiddleware] HTTP GET /api/trades/feed responded 200 in 7.9098 ms
2026-05-30 13:56:42.585 +00:00 [INF] [Serilog.AspNetCore.RequestLoggingMiddleware] HTTP GET /api/engine responded 200 in 7.2260 ms
2026-05-30 13:56:42.679 +00:00 [INF] [Serilog.AspNetCore.RequestLoggingMiddleware] HTTP GET /api/balance responded 200 in 107.1868 ms
2026-05-30 13:56:45.602 +00:00 [INF] [Serilog.AspNetCore.RequestLoggingMiddleware] HTTP GET /api/health/connectivity responded 200 in 16.5641 ms
2026-05-30 13:56:45.725 +00:00 [INF] [Serilog.AspNetCore.RequestLoggingMiddleware] HTTP GET /api/trades/feed responded 200 in 20.2602 ms
2026-05-30 13:56:49.828 +00:00 [INF] [Serilog.AspNetCore.RequestLoggingMiddleware] HTTP GET /api/trades/feed responded 200 in 37.7327 ms
2026-05-30 13:56:54.247 +00:00 [INF] [Serilog.AspNetCore.RequestLoggingMiddleware] HTTP GET /api/trades/feed responded 200 in 509.2788 ms
2026-05-30 13:56:57.761 +00:00 [INF] [Serilog.AspNetCore.RequestLoggingMiddleware] HTTP GET /api/trades/feed responded 200 in 10.3204 ms
2026-05-30 13:56:57.881 +00:00 [INF] [Serilog.AspNetCore.RequestLoggingMiddleware] HTTP GET /api/health/connectivity responded 200 in 145.7658 ms
2026-05-30 13:56:59.290 +00:00 [INF] [Serilog.AspNetCore.RequestLoggingMiddleware] HTTP GET /health responded 200 in 0.6193 ms
2026-05-30 13:57:01.780 +00:00 [INF] [Serilog.AspNetCore.RequestLoggingMiddleware] HTTP GET /api/trades/feed responded 200 in 45.7525 ms
2026-05-30 13:57:05.717 +00:00 [INF] [Serilog.AspNetCore.RequestLoggingMiddleware] HTTP GET /api/trades/feed responded 200 in 11.7481 ms
2026-05-30 13:57:07.742 +00:00 [INF] [Serilog.AspNetCore.RequestLoggingMiddleware] HTTP GET /api/engine responded 200 in 16.8696 ms
2026-05-30 13:57:07.832 +00:00 [INF] [Serilog.AspNetCore.RequestLoggingMiddleware] HTTP GET /api/balance responded 200 in 81.2514 ms
2026-05-30 13:57:09.775 +00:00 [INF] [Serilog.AspNetCore.RequestLoggingMiddleware] HTTP GET /api/health/connectivity responded 200 in 17.4681 ms
2026-05-30 13:57:09.951 +00:00 [INF] [Serilog.AspNetCore.RequestLoggingMiddleware] HTTP GET /api/trades/feed responded 200 in 239.9013 ms
2026-05-30 13:57:13.730 +00:00 [INF] [Serilog.AspNetCore.RequestLoggingMiddleware] HTTP GET /api/trades/feed responded 200 in 17.1703 ms
2026-05-30 13:57:17.738 +00:00 [INF] [Serilog.AspNetCore.RequestLoggingMiddleware] HTTP GET /api/trades/feed responded 200 in 15.9245 ms
2026-05-30 13:57:21.430 +00:00 [INF] [Serilog.AspNetCore.RequestLoggingMiddleware] HTTP GET /api/trades/feed responded 200 in 24.7798 ms
2026-05-30 13:57:21.742 +00:00 [INF] [Serilog.AspNetCore.RequestLoggingMiddleware] HTTP GET /api/health/connectivity responded 200 in 183.1489 ms
2026-05-30 13:57:24.797 +00:00 [INF] [Serilog.AspNetCore.RequestLoggingMiddleware] HTTP GET /api/trades/feed responded 200 in 17.0255 ms
2026-05-30 13:57:28.294 +00:00 [INF] [Serilog.AspNetCore.RequestLoggingMiddleware] HTTP GET /api/trades/feed responded 200 in 284.0785 ms
2026-05-30 13:57:29.711 +00:00 [INF] [Serilog.AspNetCore.RequestLoggingMiddleware] HTTP GET /health responded 200 in 0.4130 ms
2026-05-30 13:57:31.534 +00:00 [INF] [Serilog.AspNetCore.RequestLoggingMiddleware] HTTP GET /api/trades/feed responded 200 in 18.8043 ms
2026-05-30 13:57:32.568 +00:00 [INF] [Serilog.AspNetCore.RequestLoggingMiddleware] HTTP GET /api/engine responded 200 in 4.0211 ms
2026-05-30 13:57:32.642 +00:00 [INF] [Serilog.AspNetCore.RequestLoggingMiddleware] HTTP GET /api/balance responded 200 in 67.3345 ms
2026-05-30 13:57:33.572 +00:00 [INF] [Serilog.AspNetCore.RequestLoggingMiddleware] HTTP GET /api/health/connectivity responded 200 in 9.6459 ms
2026-05-30 13:57:34.763 +00:00 [INF] [Serilog.AspNetCore.RequestLoggingMiddleware] HTTP GET /api/trades/feed responded 200 in 17.3577 ms
2026-05-30 13:57:38.611 +00:00 [INF] [Serilog.AspNetCore.RequestLoggingMiddleware] HTTP GET /api/trades/feed responded 200 in 15.7098 ms
2026-05-30 13:57:41.845 +00:00 [INF] [Serilog.AspNetCore.RequestLoggingMiddleware] HTTP GET /api/trades/feed responded 200 in 20.2779 ms
2026-05-30 13:57:45.168 +00:00 [INF] [Serilog.AspNetCore.RequestLoggingMiddleware] HTTP GET /api/trades/feed responded 200 in 117.9097 ms
2026-05-30 13:57:45.617 +00:00 [INF] [Serilog.AspNetCore.RequestLoggingMiddleware] HTTP GET /api/health/connectivity responded 200 in 66.6716 ms
2026-05-30 13:57:48.719 +00:00 [INF] [Serilog.AspNetCore.RequestLoggingMiddleware] HTTP GET /api/trades/feed responded 200 in 26.0149 ms
2026-05-30 13:57:51.965 +00:00 [INF] [Serilog.AspNetCore.RequestLoggingMiddleware] HTTP GET /api/trades/feed responded 200 in 15.0577 ms
2026-05-30 13:57:55.241 +00:00 [INF] [Serilog.AspNetCore.RequestLoggingMiddleware] HTTP GET /api/trades/feed responded 200 in 8.3981 ms
2026-05-30 13:57:57.624 +00:00 [INF] [Serilog.AspNetCore.RequestLoggingMiddleware] HTTP GET /api/engine responded 200 in 8.0552 ms
2026-05-30 13:57:57.717 +00:00 [INF] [Serilog.AspNetCore.RequestLoggingMiddleware] HTTP GET /api/health/connectivity responded 200 in 120.4246 ms
2026-05-30 13:57:58.465 +00:00 [INF] [Serilog.AspNetCore.RequestLoggingMiddleware] HTTP GET /api/trades/feed responded 200 in 9.2108 ms
2026-05-30 13:58:00.107 +00:00 [INF] [Serilog.AspNetCore.RequestLoggingMiddleware] HTTP GET /health responded 200 in 0.7013 ms
2026-05-30 13:58:00.657 +00:00 [INF] [Serilog.AspNetCore.RequestLoggingMiddleware] HTTP GET /api/balance responded 200 in 11.5278 ms
2026-05-30 13:58:01.807 +00:00 [INF] [Serilog.AspNetCore.RequestLoggingMiddleware] HTTP GET /api/trades/feed responded 200 in 118.5915 ms
2026-05-30 13:58:05.134 +00:00 [INF] [Serilog.AspNetCore.RequestLoggingMiddleware] HTTP GET /api/trades/feed responded 200 in 24.2946 ms
2026-05-30 13:58:08.713 +00:00 [INF] [Serilog.AspNetCore.RequestLoggingMiddleware] HTTP GET /api/trades/feed responded 200 in 7.6336 ms
2026-05-30 13:58:09.843 +00:00 [INF] [Serilog.AspNetCore.RequestLoggingMiddleware] HTTP GET /api/health/connectivity responded 200 in 144.7573 ms
2026-05-30 13:58:12.102 +00:00 [INF] [Serilog.AspNetCore.RequestLoggingMiddleware] HTTP GET /api/trades/feed responded 200 in 28.3002 ms
2026-05-30 13:58:15.340 +00:00 [INF] [Serilog.AspNetCore.RequestLoggingMiddleware] HTTP GET /api/trades/feed responded 200 in 16.2206 ms
2026-05-30 13:58:18.734 +00:00 [INF] [Serilog.AspNetCore.RequestLoggingMiddleware] HTTP GET /api/trades/feed responded 200 in 75.1236 ms
2026-05-30 13:58:21.669 +00:00 [INF] [Serilog.AspNetCore.RequestLoggingMiddleware] HTTP GET /api/health/connectivity responded 200 in 110.3763 ms
2026-05-30 13:58:22.067 +00:00 [INF] [Serilog.AspNetCore.RequestLoggingMiddleware] HTTP GET /api/trades/feed responded 200 in 9.5739 ms
2026-05-30 13:58:22.596 +00:00 [INF] [Serilog.AspNetCore.RequestLoggingMiddleware] HTTP GET /api/balance responded 200 in 6.1299 ms
2026-05-30 13:58:22.597 +00:00 [INF] [Serilog.AspNetCore.RequestLoggingMiddleware] HTTP GET /api/engine responded 200 in 6.6674 ms
2026-05-30 13:58:24.858 +00:00 [INF] [Serilog.AspNetCore.RequestLoggingMiddleware] HTTP GET /api/trades/feed responded 200 in 10.6617 ms
2026-05-30 13:58:24.870 +00:00 [INF] [Serilog.AspNetCore.RequestLoggingMiddleware] HTTP GET /api/balance/history responded 200 in 8.1872 ms
2026-05-30 13:58:25.601 +00:00 [INF] [Serilog.AspNetCore.RequestLoggingMiddleware] HTTP GET /api/trades/feed responded 200 in 6.7235 ms
2026-05-30 13:58:26.275 +00:00 [INF] [Serilog.AspNetCore.RequestLoggingMiddleware] HTTP GET /api/balance responded 200 in 8.7967 ms
2026-05-30 13:58:26.286 +00:00 [INF] [Serilog.AspNetCore.RequestLoggingMiddleware] HTTP GET /api/trades/chart-markers responded 200 in 8.1627 ms
2026-05-30 13:58:26.290 +00:00 [INF] [Serilog.AspNetCore.RequestLoggingMiddleware] HTTP GET /api/engine responded 200 in 3.1414 ms
2026-05-30 13:58:28.829 +00:00 [INF] [Serilog.AspNetCore.RequestLoggingMiddleware] HTTP GET /api/trades/feed responded 200 in 12.4109 ms
2026-05-30 13:58:30.387 +00:00 [INF] [Serilog.AspNetCore.RequestLoggingMiddleware] HTTP GET /health responded 200 in 0.2385 ms
2026-05-30 13:58:32.437 +00:00 [INF] [Serilog.AspNetCore.RequestLoggingMiddleware] HTTP GET /api/trades/feed responded 200 in 6.8639 ms
2026-05-30 13:58:33.689 +00:00 [INF] [Serilog.AspNetCore.RequestLoggingMiddleware] HTTP GET /api/health/connectivity responded 200 in 88.1266 ms
2026-05-30 13:58:36.083 +00:00 [INF] [Serilog.AspNetCore.RequestLoggingMiddleware] HTTP GET /api/trades/feed responded 200 in 361.7231 ms
2026-05-30 13:58:39.358 +00:00 [INF] [Serilog.AspNetCore.RequestLoggingMiddleware] HTTP GET /api/trades/feed responded 200 in 19.0931 ms
2026-05-30 13:58:39.884 +00:00 [INF] [Serilog.AspNetCore.RequestLoggingMiddleware] HTTP GET /api/engine responded 200 in 4.0340 ms
2026-05-30 13:58:40.026 +00:00 [INF] [Serilog.AspNetCore.RequestLoggingMiddleware] HTTP GET /api/trades/feed responded 200 in 10.7591 ms
2026-05-30 13:58:40.120 +00:00 [INF] [Serilog.AspNetCore.RequestLoggingMiddleware] HTTP POST /hubs/trading/negotiate responded 200 in 7.7530 ms
2026-05-30 13:58:40.990 +00:00 [INF] [Serilog.AspNetCore.RequestLoggingMiddleware] HTTP GET /api/health/connectivity responded 200 in 14.2797 ms
2026-05-30 13:58:41.015 +00:00 [INF] [Serilog.AspNetCore.RequestLoggingMiddleware] HTTP GET /api/trades/feed responded 200 in 23.2891 ms
2026-05-30 13:58:41.045 +00:00 [INF] [Serilog.AspNetCore.RequestLoggingMiddleware] HTTP GET /api/trades/feed responded 200 in 14.8497 ms
2026-05-30 13:58:41.055 +00:00 [INF] [Serilog.AspNetCore.RequestLoggingMiddleware] HTTP GET /api/balance responded 200 in 6.7636 ms
2026-05-30 13:58:42.595 +00:00 [INF] [Serilog.AspNetCore.RequestLoggingMiddleware] HTTP GET /api/trades/feed responded 200 in 8.6605 ms
2026-05-30 13:58:45.768 +00:00 [INF] [Serilog.AspNetCore.RequestLoggingMiddleware] HTTP GET /api/health/connectivity responded 200 in 195.7026 ms
2026-05-30 13:58:46.356 +00:00 [INF] [Serilog.AspNetCore.RequestLoggingMiddleware] HTTP GET /api/trades/feed responded 200 in 11.8295 ms
2026-05-30 13:58:47.459 +00:00 [INF] [Serilog.AspNetCore.RequestLoggingMiddleware] HTTP GET /hubs/trading responded 101 in 6542.4632 ms
2026-05-30 13:58:47.603 +00:00 [INF] [Serilog.AspNetCore.RequestLoggingMiddleware] HTTP GET /api/balance responded 200 in 8.1321 ms
2026-05-30 13:58:47.613 +00:00 [INF] [Serilog.AspNetCore.RequestLoggingMiddleware] HTTP GET /api/engine responded 200 in 5.4304 ms
2026-05-30 13:58:49.608 +00:00 [INF] [Serilog.AspNetCore.RequestLoggingMiddleware] HTTP GET /api/trades/feed responded 200 in 12.9935 ms
2026-05-30 13:58:53.395 +00:00 [INF] [Serilog.AspNetCore.RequestLoggingMiddleware] HTTP GET /api/trades/feed responded 200 in 112.2671 ms
2026-05-30 13:58:56.829 +00:00 [INF] [Serilog.AspNetCore.RequestLoggingMiddleware] HTTP GET /api/trades/feed responded 200 in 10.4254 ms
2026-05-30 13:58:57.694 +00:00 [INF] [Serilog.AspNetCore.RequestLoggingMiddleware] HTTP GET /api/health/connectivity responded 200 in 75.7782 ms
2026-05-30 13:59:00.479 +00:00 [INF] [Serilog.AspNetCore.RequestLoggingMiddleware] HTTP GET /api/trades/feed responded 200 in 21.8477 ms
2026-05-30 13:59:00.810 +00:00 [INF] [Serilog.AspNetCore.RequestLoggingMiddleware] HTTP GET /health responded 200 in 0.7706 ms
2026-05-30 13:59:04.766 +00:00 [INF] [Serilog.AspNetCore.RequestLoggingMiddleware] HTTP GET /api/trades/feed responded 200 in 7.8225 ms
2026-05-30 13:59:08.958 +00:00 [INF] [Serilog.AspNetCore.RequestLoggingMiddleware] HTTP GET /api/trades/feed responded 200 in 191.4032 ms
2026-05-30 13:59:10.147 +00:00 [INF] [Serilog.AspNetCore.RequestLoggingMiddleware] HTTP GET /api/health/connectivity responded 200 in 391.7689 ms
2026-05-30 13:59:12.744 +00:00 [INF] [Serilog.AspNetCore.RequestLoggingMiddleware] HTTP GET /api/balance responded 200 in 14.2104 ms
2026-05-30 13:59:12.755 +00:00 [INF] [Serilog.AspNetCore.RequestLoggingMiddleware] HTTP GET /api/trades/feed responded 200 in 24.3509 ms
2026-05-30 13:59:12.762 +00:00 [INF] [Serilog.AspNetCore.RequestLoggingMiddleware] HTTP GET /api/engine responded 200 in 4.1128 ms
2026-05-30 13:59:16.792 +00:00 [INF] [Serilog.AspNetCore.RequestLoggingMiddleware] HTTP GET /api/trades/feed responded 200 in 28.1312 ms
2026-05-30 13:59:20.774 +00:00 [INF] [Serilog.AspNetCore.RequestLoggingMiddleware] HTTP GET /api/trades/feed responded 200 in 33.6759 ms
2026-05-30 13:59:21.853 +00:00 [INF] [Serilog.AspNetCore.RequestLoggingMiddleware] HTTP GET /api/health/connectivity responded 200 in 86.1743 ms
2026-05-30 13:59:25.040 +00:00 [INF] [Serilog.AspNetCore.RequestLoggingMiddleware] HTTP GET /api/trades/feed responded 200 in 307.2417 ms
2026-05-30 13:59:28.463 +00:00 [INF] [Serilog.AspNetCore.RequestLoggingMiddleware] HTTP GET /api/trades/feed responded 200 in 34.4713 ms
2026-05-30 13:59:31.108 +00:00 [INF] [Serilog.AspNetCore.RequestLoggingMiddleware] HTTP GET /health responded 200 in 0.3678 ms
2026-05-30 13:59:32.040 +00:00 [INF] [Serilog.AspNetCore.RequestLoggingMiddleware] HTTP GET /api/trades/feed responded 200 in 8.5218 ms
2026-05-30 13:59:33.714 +00:00 [INF] [Serilog.AspNetCore.RequestLoggingMiddleware] HTTP GET /api/health/connectivity responded 200 in 124.6987 ms
2026-05-30 13:59:35.293 +00:00 [INF] [Serilog.AspNetCore.RequestLoggingMiddleware] HTTP GET /api/trades/feed responded 200 in 17.1246 ms
2026-05-30 13:59:37.592 +00:00 [INF] [Serilog.AspNetCore.RequestLoggingMiddleware] HTTP GET /api/balance responded 200 in 12.4706 ms
2026-05-30 13:59:37.591 +00:00 [INF] [Serilog.AspNetCore.RequestLoggingMiddleware] HTTP GET /api/engine responded 200 in 11.3352 ms
2026-05-30 13:59:38.643 +00:00 [INF] [Serilog.AspNetCore.RequestLoggingMiddleware] HTTP GET /api/trades/feed responded 200 in 11.9881 ms
2026-05-30 13:59:42.440 +00:00 [INF] [Serilog.AspNetCore.RequestLoggingMiddleware] HTTP GET /api/trades/feed responded 200 in 84.5172 ms
2026-05-30 13:59:45.687 +00:00 [INF] [Serilog.AspNetCore.RequestLoggingMiddleware] HTTP GET /api/health/connectivity responded 200 in 110.1950 ms
2026-05-30 13:59:45.770 +00:00 [INF] [Serilog.AspNetCore.RequestLoggingMiddleware] HTTP GET /api/trades/feed responded 200 in 67.0518 ms
2026-05-30 13:59:49.159 +00:00 [INF] [Serilog.AspNetCore.RequestLoggingMiddleware] HTTP GET /api/trades/feed responded 200 in 16.3319 ms
2026-05-30 13:59:52.620 +00:00 [INF] [Serilog.AspNetCore.RequestLoggingMiddleware] HTTP GET /api/trades/feed responded 200 in 20.0848 ms
2026-05-30 13:59:55.914 +00:00 [INF] [Serilog.AspNetCore.RequestLoggingMiddleware] HTTP GET /api/trades/feed responded 200 in 11.1075 ms
2026-05-30 13:59:57.647 +00:00 [INF] [Serilog.AspNetCore.RequestLoggingMiddleware] HTTP GET /api/health/connectivity responded 200 in 70.1561 ms
2026-05-30 13:59:59.604 +00:00 [INF] [Serilog.AspNetCore.RequestLoggingMiddleware] HTTP GET /api/trades/feed responded 200 in 344.3237 ms
2026-05-30 13:59:59.823 +00:00 [INF] [Serilog.AspNetCore.RequestLoggingMiddleware] HTTP GET /api/trades/feed responded 200 in 11.6051 ms
2026-05-30 14:00:00.061 +00:00 [INF] [Serilog.AspNetCore.RequestLoggingMiddleware] HTTP GET /api/trades/feed responded 200 in 6.8150 ms
2026-05-30 14:00:01.131 +00:00 [INF] [Serilog.AspNetCore.RequestLoggingMiddleware] HTTP GET /api/balance/history responded 200 in 33.1563 ms
2026-05-30 14:00:01.177 +00:00 [INF] [Serilog.AspNetCore.RequestLoggingMiddleware] HTTP GET /api/trades/feed responded 200 in 43.4986 ms
2026-05-30 14:00:01.505 +00:00 [INF] [Serilog.AspNetCore.RequestLoggingMiddleware] HTTP GET /api/trades/feed responded 200 in 34.0092 ms
2026-05-30 14:00:01.534 +00:00 [INF] [Serilog.AspNetCore.RequestLoggingMiddleware] HTTP GET /api/balance/history responded 200 in 16.9551 ms
2026-05-30 14:00:01.655 +00:00 [INF] [Serilog.AspNetCore.RequestLoggingMiddleware] HTTP GET /health responded 200 in 0.2975 ms
2026-05-30 14:00:01.713 +00:00 [INF] [Serilog.AspNetCore.RequestLoggingMiddleware] HTTP GET /api/trades/feed responded 200 in 9.6911 ms
2026-05-30 14:00:01.816 +00:00 [INF] [Serilog.AspNetCore.RequestLoggingMiddleware] HTTP GET /api/balance/history responded 200 in 9.8924 ms
2026-05-30 14:00:01.952 +00:00 [INF] [Serilog.AspNetCore.RequestLoggingMiddleware] HTTP GET /api/trades/feed responded 200 in 5.4314 ms
2026-05-30 14:00:02.150 +00:00 [INF] [Serilog.AspNetCore.RequestLoggingMiddleware] HTTP GET /api/engine responded 200 in 6.6748 ms
2026-05-30 14:00:02.176 +00:00 [INF] [Serilog.AspNetCore.RequestLoggingMiddleware] HTTP GET /api/balance responded 200 in 4.3740 ms
2026-05-30 14:00:02.253 +00:00 [INF] [Serilog.AspNetCore.RequestLoggingMiddleware] HTTP GET /api/trades/chart-markers responded 200 in 2.4607 ms
2026-05-30 14:00:02.602 +00:00 [INF] [Serilog.AspNetCore.RequestLoggingMiddleware] HTTP GET /api/trades/feed responded 200 in 90.4442 ms
2026-05-30 14:00:02.661 +00:00 [INF] [Serilog.AspNetCore.RequestLoggingMiddleware] HTTP GET /api/trades/feed responded 200 in 57.3231 ms
2026-05-30 14:00:02.666 +00:00 [INF] [Serilog.AspNetCore.RequestLoggingMiddleware] HTTP GET /api/balance responded 200 in 4.3429 ms
2026-05-30 14:00:02.718 +00:00 [INF] [Serilog.AspNetCore.RequestLoggingMiddleware] HTTP GET /api/trades/feed responded 200 in 42.7960 ms
2026-05-30 14:00:02.734 +00:00 [INF] [Serilog.AspNetCore.RequestLoggingMiddleware] HTTP GET /api/engine responded 200 in 11.0227 ms
2026-05-30 14:00:02.918 +00:00 [INF] [Serilog.AspNetCore.RequestLoggingMiddleware] HTTP GET /api/balance responded 200 in 7.1159 ms
2026-05-30 14:00:02.939 +00:00 [INF] [Serilog.AspNetCore.RequestLoggingMiddleware] HTTP GET /api/engine responded 200 in 2.6987 ms
2026-05-30 14:00:05.628 +00:00 [INF] [Serilog.AspNetCore.RequestLoggingMiddleware] HTTP GET /api/balance/history responded 200 in 15.1763 ms
2026-05-30 14:00:05.640 +00:00 [INF] [Serilog.AspNetCore.RequestLoggingMiddleware] HTTP GET /api/trades/chart-markers responded 200 in 8.3553 ms
2026-05-30 14:00:05.645 +00:00 [INF] [Serilog.AspNetCore.RequestLoggingMiddleware] HTTP GET /api/trades/feed responded 200 in 35.2776 ms
2026-05-30 14:00:05.668 +00:00 [INF] [Serilog.AspNetCore.RequestLoggingMiddleware] HTTP GET /api/engine responded 200 in 5.9729 ms
2026-05-30 14:00:05.721 +00:00 [INF] [Serilog.AspNetCore.RequestLoggingMiddleware] HTTP GET /api/balance responded 200 in 78.1722 ms
2026-05-30 14:00:05.858 +00:00 [INF] [Serilog.AspNetCore.RequestLoggingMiddleware] HTTP GET /api/trades/feed responded 200 in 7.7140 ms
2026-05-30 14:00:06.007 +00:00 [INF] [Serilog.AspNetCore.RequestLoggingMiddleware] HTTP GET /api/balance responded 200 in 4.8059 ms
2026-05-30 14:00:06.013 +00:00 [INF] [Serilog.AspNetCore.RequestLoggingMiddleware] HTTP GET /api/balance/history responded 200 in 5.0413 ms
2026-05-30 14:00:06.018 +00:00 [INF] [Serilog.AspNetCore.RequestLoggingMiddleware] HTTP GET /api/engine responded 200 in 3.4723 ms
2026-05-30 14:00:06.037 +00:00 [INF] [Serilog.AspNetCore.RequestLoggingMiddleware] HTTP GET /api/trades/feed responded 200 in 3.7498 ms
2026-05-30 14:00:06.369 +00:00 [INF] [Serilog.AspNetCore.RequestLoggingMiddleware] HTTP GET /api/trades/feed responded 200 in 6.1906 ms
2026-05-30 14:00:06.799 +00:00 [INF] [Serilog.AspNetCore.RequestLoggingMiddleware] HTTP GET /api/trades/feed responded 200 in 8.4189 ms
2026-05-30 14:00:09.569 +00:00 [INF] [Serilog.AspNetCore.RequestLoggingMiddleware] HTTP GET /api/health/connectivity responded 200 in 5.8512 ms
2026-05-30 14:00:10.108 +00:00 [INF] [Serilog.AspNetCore.RequestLoggingMiddleware] HTTP GET /api/trades/feed responded 200 in 10.1244 ms
2026-05-30 14:00:13.408 +00:00 [INF] [Serilog.AspNetCore.RequestLoggingMiddleware] HTTP GET /api/trades/feed responded 200 in 31.8511 ms
2026-05-30 14:00:17.786 +00:00 [INF] [Serilog.AspNetCore.RequestLoggingMiddleware] HTTP GET /api/trades/feed responded 200 in 447.0013 ms
2026-05-30 14:00:21.363 +00:00 [INF] [Serilog.AspNetCore.RequestLoggingMiddleware] HTTP GET /api/trades/feed responded 200 in 13.4118 ms
2026-05-30 14:00:22.185 +00:00 [INF] [Serilog.AspNetCore.RequestLoggingMiddleware] HTTP GET /api/health/connectivity responded 200 in 594.1517 ms
2026-05-30 14:00:24.850 +00:00 [INF] [Serilog.AspNetCore.RequestLoggingMiddleware] HTTP GET /api/trades/feed responded 200 in 13.4093 ms
2026-05-30 14:00:27.593 +00:00 [INF] [Serilog.AspNetCore.RequestLoggingMiddleware] HTTP GET /api/balance responded 200 in 10.5235 ms
2026-05-30 14:00:27.595 +00:00 [INF] [Serilog.AspNetCore.RequestLoggingMiddleware] HTTP GET /api/engine responded 200 in 11.1002 ms
2026-05-30 14:00:28.144 +00:00 [INF] [Serilog.AspNetCore.RequestLoggingMiddleware] HTTP GET /api/trades/feed responded 200 in 12.1229 ms
2026-05-30 14:00:31.458 +00:00 [INF] [Serilog.AspNetCore.RequestLoggingMiddleware] HTTP GET /api/trades/feed responded 200 in 12.4052 ms
2026-05-30 14:00:32.007 +00:00 [INF] [Serilog.AspNetCore.RequestLoggingMiddleware] HTTP GET /health responded 200 in 4.0538 ms
2026-05-30 14:00:33.666 +00:00 [INF] [Serilog.AspNetCore.RequestLoggingMiddleware] HTTP GET /api/health/connectivity responded 200 in 73.6658 ms
2026-05-30 14:00:35.084 +00:00 [INF] [Serilog.AspNetCore.RequestLoggingMiddleware] HTTP GET /api/trades/feed responded 200 in 276.8478 ms
2026-05-30 14:00:38.861 +00:00 [INF] [Serilog.AspNetCore.RequestLoggingMiddleware] HTTP GET /api/trades/feed responded 200 in 35.0510 ms
2026-05-30 14:00:42.773 +00:00 [INF] [Serilog.AspNetCore.RequestLoggingMiddleware] HTTP GET /api/trades/feed responded 200 in 23.9250 ms
2026-05-30 14:00:45.887 +00:00 [INF] [Serilog.AspNetCore.RequestLoggingMiddleware] HTTP GET /api/health/connectivity responded 200 in 129.6999 ms
2026-05-30 14:00:46.753 +00:00 [INF] [Serilog.AspNetCore.RequestLoggingMiddleware] HTTP GET /api/trades/feed responded 200 in 12.5977 ms
2026-05-30 14:00:50.849 +00:00 [INF] [Serilog.AspNetCore.RequestLoggingMiddleware] HTTP GET /api/trades/feed responded 200 in 67.5634 ms
2026-05-30 14:00:52.760 +00:00 [INF] [Serilog.AspNetCore.RequestLoggingMiddleware] HTTP GET /api/balance responded 200 in 9.0145 ms
2026-05-30 14:00:52.762 +00:00 [INF] [Serilog.AspNetCore.RequestLoggingMiddleware] HTTP GET /api/engine responded 200 in 8.9728 ms
2026-05-30 14:00:54.283 +00:00 [INF] [Serilog.AspNetCore.RequestLoggingMiddleware] HTTP GET /api/trades/feed responded 200 in 4.1329 ms
2026-05-30 14:00:57.710 +00:00 [INF] [Serilog.AspNetCore.RequestLoggingMiddleware] HTTP GET /api/health/connectivity responded 200 in 99.5135 ms
2026-05-30 14:00:57.745 +00:00 [INF] [Serilog.AspNetCore.RequestLoggingMiddleware] HTTP GET /api/trades/feed responded 200 in 39.8157 ms
2026-05-30 14:01:02.055 +00:00 [INF] [Serilog.AspNetCore.RequestLoggingMiddleware] HTTP GET /api/trades/feed responded 200 in 26.1306 ms
2026-05-30 14:01:02.275 +00:00 [INF] [Serilog.AspNetCore.RequestLoggingMiddleware] HTTP GET /health responded 200 in 0.4643 ms
2026-05-30 14:01:06.211 +00:00 [INF] [Serilog.AspNetCore.RequestLoggingMiddleware] HTTP GET /api/trades/feed responded 200 in 57.9269 ms
2026-05-30 14:01:09.755 +00:00 [INF] [Serilog.AspNetCore.RequestLoggingMiddleware] HTTP GET /api/health/connectivity responded 200 in 142.9905 ms
2026-05-30 14:01:09.818 +00:00 [INF] [Serilog.AspNetCore.RequestLoggingMiddleware] HTTP GET /api/trades/feed responded 200 in 7.4514 ms
2026-05-30 14:01:13.173 +00:00 [INF] [Serilog.AspNetCore.RequestLoggingMiddleware] HTTP GET /api/trades/feed responded 200 in 6.2863 ms
2026-05-30 14:01:16.567 +00:00 [INF] [Serilog.AspNetCore.RequestLoggingMiddleware] HTTP GET /api/trades/feed responded 200 in 12.4488 ms
2026-05-30 14:01:17.602 +00:00 [INF] [Serilog.AspNetCore.RequestLoggingMiddleware] HTTP GET /api/engine responded 200 in 6.9273 ms
2026-05-30 14:01:17.603 +00:00 [INF] [Serilog.AspNetCore.RequestLoggingMiddleware] HTTP GET /api/balance responded 200 in 6.5494 ms
2026-05-30 14:01:19.971 +00:00 [INF] [Serilog.AspNetCore.RequestLoggingMiddleware] HTTP GET /api/trades/feed responded 200 in 12.5715 ms
2026-05-30 14:01:21.675 +00:00 [INF] [Serilog.AspNetCore.RequestLoggingMiddleware] HTTP GET /api/health/connectivity responded 200 in 78.0457 ms
2026-05-30 14:01:23.426 +00:00 [INF] [Serilog.AspNetCore.RequestLoggingMiddleware] HTTP GET /api/trades/feed responded 200 in 160.5977 ms
2026-05-30 14:01:26.772 +00:00 [INF] [Serilog.AspNetCore.RequestLoggingMiddleware] HTTP GET /api/trades/feed responded 200 in 13.9843 ms
2026-05-30 14:01:30.308 +00:00 [INF] [Serilog.AspNetCore.RequestLoggingMiddleware] HTTP GET /api/trades/feed responded 200 in 15.6900 ms
2026-05-30 14:01:32.541 +00:00 [INF] [Serilog.AspNetCore.RequestLoggingMiddleware] HTTP GET /health responded 200 in 3.5786 ms
2026-05-30 14:01:33.763 +00:00 [INF] [Serilog.AspNetCore.RequestLoggingMiddleware] HTTP GET /api/trades/feed responded 200 in 18.2230 ms
2026-05-30 14:01:34.042 +00:00 [INF] [Serilog.AspNetCore.RequestLoggingMiddleware] HTTP GET /api/health/connectivity responded 200 in 422.7950 ms
2026-05-30 14:01:37.295 +00:00 [INF] [Serilog.AspNetCore.RequestLoggingMiddleware] HTTP GET /api/trades/feed responded 200 in 12.8130 ms
2026-05-30 14:01:41.165 +00:00 [INF] [Serilog.AspNetCore.RequestLoggingMiddleware] HTTP GET /api/trades/feed responded 200 in 427.6579 ms
2026-05-30 14:01:42.639 +00:00 [INF] [Serilog.AspNetCore.RequestLoggingMiddleware] HTTP GET /api/engine responded 200 in 13.0023 ms
2026-05-30 14:01:42.893 +00:00 [INF] [Serilog.AspNetCore.RequestLoggingMiddleware] HTTP GET /api/balance responded 200 in 239.1094 ms
2026-05-30 14:01:44.682 +00:00 [INF] [Serilog.AspNetCore.RequestLoggingMiddleware] HTTP GET /api/trades/feed responded 200 in 21.5770 ms
2026-05-30 14:01:45.650 +00:00 [INF] [Serilog.AspNetCore.RequestLoggingMiddleware] HTTP GET /api/health/connectivity responded 200 in 19.7836 ms
2026-05-30 14:01:49.621 +00:00 [INF] [Serilog.AspNetCore.RequestLoggingMiddleware] HTTP GET /api/trades/feed responded 200 in 7.4409 ms
2026-05-30 14:01:53.095 +00:00 [INF] [Serilog.AspNetCore.RequestLoggingMiddleware] HTTP GET /api/trades/feed responded 200 in 28.3792 ms
2026-05-30 14:01:56.798 +00:00 [INF] [Serilog.AspNetCore.RequestLoggingMiddleware] HTTP GET /api/trades/feed responded 200 in 131.9320 ms
2026-05-30 14:01:57.738 +00:00 [INF] [Serilog.AspNetCore.RequestLoggingMiddleware] HTTP GET /api/health/connectivity responded 200 in 124.0607 ms
2026-05-30 14:02:02.097 +00:00 [INF] [Serilog.AspNetCore.RequestLoggingMiddleware] HTTP GET /api/trades/feed responded 200 in 8.5192 ms
2026-05-30 14:02:02.730 +00:00 [INF] [Serilog.AspNetCore.RequestLoggingMiddleware] HTTP GET /health responded 200 in 0.6234 ms
2026-05-30 14:02:07.659 +00:00 [INF] [Serilog.AspNetCore.RequestLoggingMiddleware] HTTP GET /api/engine responded 200 in 19.9629 ms
2026-05-30 14:02:09.353 +00:00 [INF] [Serilog.AspNetCore.RequestLoggingMiddleware] HTTP GET /api/balance responded 200 in 178.1189 ms
2026-05-30 14:02:09.624 +00:00 [INF] [Serilog.AspNetCore.RequestLoggingMiddleware] HTTP GET /api/health/connectivity responded 200 in 8.3519 ms
2026-05-30 14:02:11.200 +00:00 [INF] [Serilog.AspNetCore.RequestLoggingMiddleware] HTTP GET /api/trades/feed responded 200 in 13.2281 ms
2026-05-30 14:02:11.718 +00:00 [INF] [Serilog.AspNetCore.RequestLoggingMiddleware] HTTP GET /api/trades/feed responded 200 in 8.0100 ms
2026-05-30 14:02:12.535 +00:00 [INF] [Serilog.AspNetCore.RequestLoggingMiddleware] HTTP GET /api/trades/feed responded 200 in 141.0057 ms
2026-05-30 14:02:14.112 +00:00 [INF] [Serilog.AspNetCore.RequestLoggingMiddleware] HTTP GET /api/trades/feed responded 200 in 18.1689 ms
2026-05-30 14:02:19.097 +00:00 [INF] [Serilog.AspNetCore.RequestLoggingMiddleware] HTTP GET /api/trades/feed responded 200 in 22.1910 ms
2026-05-30 14:02:21.713 +00:00 [INF] [Serilog.AspNetCore.RequestLoggingMiddleware] HTTP GET /api/health/connectivity responded 200 in 138.3122 ms
2026-05-30 14:02:23.395 +00:00 [INF] [Serilog.AspNetCore.RequestLoggingMiddleware] HTTP GET /api/trades/feed responded 200 in 36.4435 ms
2026-05-30 14:02:27.316 +00:00 [INF] [Serilog.AspNetCore.RequestLoggingMiddleware] HTTP GET /api/trades/feed responded 200 in 7.5059 ms
2026-05-30 14:02:31.654 +00:00 [INF] [Serilog.AspNetCore.RequestLoggingMiddleware] HTTP GET /api/trades/feed responded 200 in 697.3789 ms
2026-05-30 14:02:32.647 +00:00 [INF] [Serilog.AspNetCore.RequestLoggingMiddleware] HTTP GET /api/engine responded 200 in 4.0542 ms
2026-05-30 14:02:32.710 +00:00 [INF] [Serilog.AspNetCore.RequestLoggingMiddleware] HTTP GET /api/balance responded 200 in 73.5636 ms
2026-05-30 14:02:33.042 +00:00 [INF] [Serilog.AspNetCore.RequestLoggingMiddleware] HTTP GET /health responded 200 in 0.2305 ms
2026-05-30 14:02:33.656 +00:00 [INF] [Serilog.AspNetCore.RequestLoggingMiddleware] HTTP GET /api/health/connectivity responded 200 in 5.8937 ms
2026-05-30 14:02:34.223 +00:00 [INF] [Serilog.AspNetCore.RequestLoggingMiddleware] HTTP GET /api/engine responded 200 in 2.5290 ms
2026-05-30 14:02:35.425 +00:00 [INF] [Serilog.AspNetCore.RequestLoggingMiddleware] HTTP GET /api/trades/feed responded 200 in 9.0523 ms
